2025-12-12T13:45:00.458573 [create_input_document] Created input doc: /home/michael/automation/raw_data/SPHER.2015-04-23T07-29-47.926.fits.txt
2025-12-12T13:45:00.460242 [run_pipeline] Launching Reflex: reflex /home/michael/install/share/reflex/workflows/spher-0.58.1/sphere_ifs_custom1.kar -inputdoc /home/michael/automation/raw_data/SPHER.2015-04-23T07-29-47.926.fits.txt
2025-12-12T13:45:00.498876 [ERROR] /home/michael/automation/raw_data/SPHER.2015-04-23T07-29-47.926.fits: Could not start Reflex: [Errno 2] No such file or directory: 'reflex'
2025-12-12T13:45:00.536317 [create_input_document] Created input doc: /home/michael/automation/raw_data/SPHER.2015-04-23T07-29-47.926.fits.txt.txt
2025-12-12T13:45:00.536439 [run_pipeline] Launching Reflex: reflex /home/michael/install/share/reflex/workflows/spher-0.58.1/sphere_ifs_custom1.kar -inputdoc /home/michael/automation/raw_data/SPHER.2015-04-23T07-29-47.926.fits.txt.txt
2025-12-12T13:45:00.588239 [ERROR] /home/michael/automation/raw_data/SPHER.2015-04-23T07-29-47.926.fits.txt: Could not start Reflex: [Errno 2] No such file or directory: 'reflex'
2025-12-12T13:45:00.622585 [create_input_document] Created input doc: /home/michael/automation/raw_data/SPHER.2015-04-23T07-29-47.926.fits.txt.txt.txt
2025-12-12T13:45:00.622956 [run_pipeline] Launching Reflex: reflex /home/michael/install/share/reflex/workflows/spher-0.58.1/sphere_ifs_custom1.kar -inputdoc /home/michael/automation/raw_data/SPHER.2015-04-23T07-29-47.926.fits.txt.txt.txt
2025-12-12T13:45:00.682211 [ERROR] /home/michael/automation/raw_data/SPHER.2015-04-23T07-29-47.926.fits.txt.txt: Could not start Reflex: [Errno 2] No such file or directory: 'reflex'
2025-12-12T13:45:00.719092 [create_input_document] Created input doc: /home/michael/automation/raw_data/SPHER.2015-04-23T07-29-47.926.fits.txt.txt.txt.txt
2025-12-12T13:45:00.719320 [run_pipeline] Launching Reflex: reflex /home/michael/install/share/reflex/workflows/spher-0.58.1/sphere_ifs_custom1.kar -inputdoc /home/michael/automation/raw_data/SPHER.2015-04-23T07-29-47.926.fits.txt.txt.txt.txt
2025-12-12T13:45:00.765209 [ERROR] /home/michael/automation/raw_data/SPHER.2015-04-23T07-29-47.926.fits.txt.txt.txt: Could not start Reflex: [Errno 2] No such file or directory: 'reflex'
2025-12-12T13:45:00.797572 [create_input_document] Created input doc: /home/michael/automation/raw_data/SPHER.2015-04-23T07-29-47.926.fits.txt.txt.txt.txt.txt
2025-12-12T13:45:00.797682 [run_pipeline] Launching Reflex: reflex /home/michael/install/share/reflex/workflows/spher-0.58.1/sphere_ifs_custom1.kar -inputdoc /home/michael/automation/raw_data/SPHER.2015-04-23T07-29-47.926.fits.txt.txt.txt.txt.txt
2025-12-12T13:45:00.842722 [ERROR] /home/michael/automation/raw_data/SPHER.2015-04-23T07-29-47.926.fits.txt.txt.txt.txt: Could not start Reflex: [Errno 2] No such file or directory: 'reflex'
2025-12-12T13:45:00.873223 [create_input_document] Created input doc: /home/michael/automation/raw_data/SPHER.2015-04-23T07-29-47.926.fits.txt.txt.txt.txt.txt.txt
2025-12-12T13:45:00.873358 [run_pipeline] Launching Reflex: reflex /home/michael/install/share/reflex/workflows/spher-0.58.1/sphere_ifs_custom1.kar -inputdoc /home/michael/automation/raw_data/SPHER.2015-04-23T07-29-47.926.fits.txt.txt.txt.txt.txt.txt
2025-12-12T13:45:00.908930 [ERROR] /home/michael/automation/raw_data/SPHER.2015-04-23T07-29-47.926.fits.txt.txt.txt.txt.txt: Could not start Reflex: [Errno 2] No such file or directory: 'reflex'
2025-12-12T13:45:00.937925 [create_input_document] Created input doc: /home/michael/automation/raw_data/SPHER.2015-04-23T07-29-47.926.fits.txt.txt.txt.txt.txt.txt.txt
2025-12-12T13:45:00.938153 [run_pipeline] Launching Reflex: reflex /home/michael/install/share/reflex/workflows/spher-0.58.1/sphere_ifs_custom1.kar -inputdoc /home/michael/automation/raw_data/SPHER.2015-04-23T07-29-47.926.fits.txt.txt.txt.txt.txt.txt.txt
2025-12-12T13:45:00.977787 [ERROR] /home/michael/automation/raw_data/SPHER.2015-04-23T07-29-47.926.fits.txt.txt.txt.txt.txt.txt: Could not start Reflex: [Errno 2] No such file or directory: 'reflex'
2025-12-12T13:45:01.010282 [create_input_document] Created input doc: /home/michael/automation/raw_data/SPHER.2015-04-23T07-29-47.926.fits.txt
2025-12-12T13:45:01.010442 [run_pipeline] Launching Reflex: reflex /home/michael/install/share/reflex/workflows/spher-0.58.1/sphere_ifs_custom1.kar -inputdoc /home/michael/automation/raw_data/SPHER.2015-04-23T07-29-47.926.fits.txt
2025-12-12T13:45:01.051120 [ERROR] /home/michael/automation/raw_data/SPHER.2015-04-23T07-29-47.926.fits: Could not start Reflex: [Errno 2] No such file or directory: 'reflex'
2025-12-12T13:45:01.085823 [create_input_document] Created input doc: /home/michael/automation/raw_data/SPHER.2015-04-23T07-29-47.926.fits.txt.txt.txt.txt.txt.txt.txt.txt
2025-12-12T13:45:01.085943 [run_pipeline] Launching Reflex: reflex /home/michael/install/share/reflex/workflows/spher-0.58.1/sphere_ifs_custom1.kar -inputdoc /home/michael/automation/raw_data/SPHER.2015-04-23T07-29-47.926.fits.txt.txt.txt.txt.txt.txt.txt.txt
2025-12-12T13:45:01.134490 [ERROR] /home/michael/automation/raw_data/SPHER.2015-04-23T07-29-47.926.fits.txt.txt.txt.txt.txt.txt.txt: Could not start Reflex: [Errno 2] No such file or directory: 'reflex'
2025-12-12T13:45:01.163531 [create_input_document] Created input doc: /home/michael/automation/raw_data/SPHER.2015-04-23T07-29-47.926.fits.txt.txt
2025-12-12T13:45:01.163816 [run_pipeline] Launching Reflex: reflex /home/michael/install/share/reflex/workflows/spher-0.58.1/sphere_ifs_custom1.kar -inputdoc /home/michael/automation/raw_data/SPHER.2015-04-23T07-29-47.926.fits.txt.txt
2025-12-12T13:45:01.214017 [ERROR] /home/michael/automation/raw_data/SPHER.2015-04-23T07-29-47.926.fits.txt: Could not start Reflex: [Errno 2] No such file or directory: 'reflex'
2025-12-12T13:45:01.252377 [create_input_document] Created input doc: /home/michael/automation/raw_data/SPHER.2015-04-23T07-29-47.926.fits.txt.txt.txt.txt.txt.txt.txt.txt.txt
2025-12-12T13:45:01.252487 [run_pipeline] Launching Reflex: reflex /home/michael/install/share/reflex/workflows/spher-0.58.1/sphere_ifs_custom1.kar -inputdoc /home/michael/automation/raw_data/SPHER.2015-04-23T07-29-47.926.fits.txt.txt.txt.txt.txt.txt.txt.txt.txt
2025-12-12T13:45:01.294990 [ERROR] /home/michael/automation/raw_data/SPHER.2015-04-23T07-29-47.926.fits.txt.txt.txt.txt.txt.txt.txt.txt: Could not start Reflex: [Errno 2] No such file or directory: 'reflex'
2025-12-12T13:45:01.323787 [create_input_document] Created input doc: /home/michael/automation/raw_data/SPHER.2015-04-23T07-29-47.926.fits.txt.txt.txt
2025-12-12T13:45:01.323897 [run_pipeline] Launching Reflex: reflex /home/michael/install/share/reflex/workflows/spher-0.58.1/sphere_ifs_custom1.kar -inputdoc /home/michael/automation/raw_data/SPHER.2015-04-23T07-29-47.926.fits.txt.txt.txt
2025-12-12T13:45:01.383190 [ERROR] /home/michael/automation/raw_data/SPHER.2015-04-23T07-29-47.926.fits.txt.txt: Could not start Reflex: [Errno 2] No such file or directory: 'reflex'
2025-12-12T13:45:01.422766 [create_input_document] Created input doc: /home/michael/automation/raw_data/SPHER.2015-04-23T07-29-47.926.fits.txt.txt.txt.txt.txt.txt.txt.txt.txt.txt
2025-12-12T13:45:01.422884 [run_pipeline] Launching Reflex: reflex /home/michael/install/share/reflex/workflows/spher-0.58.1/sphere_ifs_custom1.kar -inputdoc /home/michael/automation/raw_data/SPHER.2015-04-23T07-29-47.926.fits.txt.txt.txt.txt.txt.txt.txt.txt.txt.txt
2025-12-12T13:45:01.466024 [ERROR] /home/michael/automation/raw_data/SPHER.2015-04-23T07-29-47.926.fits.txt.txt.txt.txt.txt.txt.txt.txt.txt: Could not start Reflex: [Errno 2] No such file or directory: 'reflex'
2025-12-12T13:45:01.494300 [create_input_document] Created input doc: /home/michael/automation/raw_data/SPHER.2015-04-23T07-29-47.926.fits.txt.txt.txt.txt
2025-12-12T13:45:01.494433 [run_pipeline] Launching Reflex: reflex /home/michael/install/share/reflex/workflows/spher-0.58.1/sphere_ifs_custom1.kar -inputdoc /home/michael/automation/raw_data/SPHER.2015-04-23T07-29-47.926.fits.txt.txt.txt.txt
2025-12-12T13:45:01.532249 [ERROR] /home/michael/automation/raw_data/SPHER.2015-04-23T07-29-47.926.fits.txt.txt.txt: Could not start Reflex: [Errno 2] No such file or directory: 'reflex'
2025-12-12T13:45:01.561479 [create_input_document] Created input doc: /home/michael/automation/raw_data/SPHER.2015-04-23T07-29-47.926.fits.txt.txt.txt.txt.txt.txt.txt.txt.txt.txt.txt
2025-12-12T13:45:01.561589 [run_pipeline] Launching Reflex: reflex /home/michael/install/share/reflex/workflows/spher-0.58.1/sphere_ifs_custom1.kar -inputdoc /home/michael/automation/raw_data/SPHER.2015-04-23T07-29-47.926.fits.txt.txt.txt.txt.txt.txt.txt.txt.txt.txt.txt
2025-12-12T13:45:01.604946 [ERROR] /home/michael/automation/raw_data/SPHER.2015-04-23T07-29-47.926.fits.txt.txt.txt.txt.txt.txt.txt.txt.txt.txt: Could not start Reflex: [Errno 2] No such file or directory: 'reflex'
2025-12-12T13:45:01.635071 [create_input_document] Created input doc: /home/michael/automation/raw_data/SPHER.2015-04-23T07-29-47.926.fits.txt.txt.txt.txt.txt
2025-12-12T13:45:01.635187 [run_pipeline] Launching Reflex: reflex /home/michael/install/share/reflex/workflows/spher-0.58.1/sphere_ifs_custom1.kar -inputdoc /home/michael/automation/raw_data/SPHER.2015-04-23T07-29-47.926.fits.txt.txt.txt.txt.txt
2025-12-12T13:45:01.681031 [ERROR] /home/michael/automation/raw_data/SPHER.2015-04-23T07-29-47.926.fits.txt.txt.txt.txt: Could not start Reflex: [Errno 2] No such file or directory: 'reflex'
2025-12-12T13:45:01.713201 [create_input_document] Created input doc: /home/michael/automation/raw_data/SPHER.2015-04-23T07-29-47.926.fits.txt.txt.txt.txt.txt.txt.txt.txt.txt.txt.txt.txt
2025-12-12T13:45:01.713319 [run_pipeline] Launching Reflex: reflex /home/michael/install/share/reflex/workflows/spher-0.58.1/sphere_ifs_custom1.kar -inputdoc /home/michael/automation/raw_data/SPHER.2015-04-23T07-29-47.926.fits.txt.txt.txt.txt.txt.txt.txt.txt.txt.txt.txt.txt
2025-12-12T13:45:01.752699 [ERROR] /home/michael/automation/raw_data/SPHER.2015-04-23T07-29-47.926.fits.txt.txt.txt.txt.txt.txt.txt.txt.txt.txt.txt: Could not start Reflex: [Errno 2] No such file or directory: 'reflex'
2025-12-12T13:45:01.780074 [create_input_document] Created input doc: /home/michael/automation/raw_data/SPHER.2015-04-23T07-29-47.926.fits.txt.txt.txt.txt.txt.txt
2025-12-12T13:45:01.780192 [run_pipeline] Launching Reflex: reflex /home/michael/install/share/reflex/workflows/spher-0.58.1/sphere_ifs_custom1.kar -inputdoc /home/michael/automation/raw_data/SPHER.2015-04-23T07-29-47.926.fits.txt.txt.txt.txt.txt.txt
2025-12-12T13:45:01.815440 [ERROR] /home/michael/automation/raw_data/SPHER.2015-04-23T07-29-47.926.fits.txt.txt.txt.txt.txt: Could not start Reflex: [Errno 2] No such file or directory: 'reflex'
2025-12-12T13:45:01.842104 [create_input_document] Created input doc: /home/michael/automation/raw_data/SPHER.2015-04-23T07-29-47.926.fits.txt.txt.txt.txt.txt.txt.txt.txt.txt.txt.txt.txt.txt
2025-12-12T13:45:01.842207 [run_pipeline] Launching Reflex: reflex /home/michael/install/share/reflex/workflows/spher-0.58.1/sphere_ifs_custom1.kar -inputdoc /home/michael/automation/raw_data/SPHER.2015-04-23T07-29-47.926.fits.txt.txt.txt.txt.txt.txt.txt.txt.txt.txt.txt.txt.txt
2025-12-12T13:45:01.876627 [ERROR] /home/michael/automation/raw_data/SPHER.2015-04-23T07-29-47.926.fits.txt.txt.txt.txt.txt.txt.txt.txt.txt.txt.txt.txt: Could not start Reflex: [Errno 2] No such file or directory: 'reflex'
2025-12-12T13:45:01.906414 [create_input_document] Created input doc: /home/michael/automation/raw_data/SPHER.2015-04-23T07-29-47.926.fits.txt.txt.txt.txt.txt.txt.txt
2025-12-12T13:45:01.906532 [run_pipeline] Launching Reflex: reflex /home/michael/install/share/reflex/workflows/spher-0.58.1/sphere_ifs_custom1.kar -inputdoc /home/michael/automation/raw_data/SPHER.2015-04-23T07-29-47.926.fits.txt.txt.txt.txt.txt.txt.txt
2025-12-12T13:45:01.944564 [ERROR] /home/michael/automation/raw_data/SPHER.2015-04-23T07-29-47.926.fits.txt.txt.txt.txt.txt.txt: Could not start Reflex: [Errno 2] No such file or directory: 'reflex'
2025-12-12T13:45:01.971978 [create_input_document] Created input doc: /home/michael/automation/raw_data/SPHER.2015-04-23T07-29-47.926.fits.txt.txt.txt.txt.txt.txt.txt.txt.txt.txt.txt.txt.txt.txt
2025-12-12T13:45:01.972169 [run_pipeline] Launching Reflex: reflex /home/michael/install/share/reflex/workflows/spher-0.58.1/sphere_ifs_custom1.kar -inputdoc /home/michael/automation/raw_data/SPHER.2015-04-23T07-29-47.926.fits.txt.txt.txt.txt.txt.txt.txt.txt.txt.txt.txt.txt.txt.txt
2025-12-12T13:45:02.005004 [ERROR] /home/michael/automation/raw_data/SPHER.2015-04-23T07-29-47.926.fits.txt.txt.txt.txt.txt.txt.txt.txt.txt.txt.txt.txt.txt: Could not start Reflex: [Errno 2] No such file or directory: 'reflex'
2025-12-12T13:45:02.031403 [create_input_document] Created input doc: /home/michael/automation/raw_data/SPHER.2015-04-23T07-29-47.926.fits.txt.txt.txt.txt.txt.txt.txt.txt
2025-12-12T13:45:02.031520 [run_pipeline] Launching Reflex: reflex /home/michael/install/share/reflex/workflows/spher-0.58.1/sphere_ifs_custom1.kar -inputdoc /home/michael/automation/raw_data/SPHER.2015-04-23T07-29-47.926.fits.txt.txt.txt.txt.txt.txt.txt.txt
2025-12-12T13:45:02.068750 [ERROR] /home/michael/automation/raw_data/SPHER.2015-04-23T07-29-47.926.fits.txt.txt.txt.txt.txt.txt.txt: Could not start Reflex: [Errno 2] No such file or directory: 'reflex'
2025-12-12T13:45:02.094125 [create_input_document] Created input doc: /home/michael/automation/raw_data/SPHER.2015-04-23T07-29-47.926.fits.txt.txt.txt.txt.txt.txt.txt.txt.txt.txt.txt.txt.txt.txt.txt
2025-12-12T13:45:02.094224 [run_pipeline] Launching Reflex: reflex /home/michael/install/share/reflex/workflows/spher-0.58.1/sphere_ifs_custom1.kar -inputdoc /home/michael/automation/raw_data/SPHER.2015-04-23T07-29-47.926.fits.txt.txt.txt.txt.txt.txt.txt.txt.txt.txt.txt.txt.txt.txt.txt
2025-12-12T13:45:02.129762 [ERROR] /home/michael/automation/raw_data/SPHER.2015-04-23T07-29-47.926.fits.txt.txt.txt.txt.txt.txt.txt.txt.txt.txt.txt.txt.txt.txt: Could not start Reflex: [Errno 2] No such file or directory: 'reflex'
2025-12-12T13:45:02.157546 [create_input_document] Created input doc: /home/michael/automation/raw_data/SPHER.2015-04-23T07-29-47.926.fits.txt.txt.txt.txt.txt.txt.txt.txt.txt
2025-12-12T13:45:02.157815 [run_pipeline] Launching Reflex: reflex /home/michael/install/share/reflex/workflows/spher-0.58.1/sphere_ifs_custom1.kar -inputdoc /home/michael/automation/raw_data/SPHER.2015-04-23T07-29-47.926.fits.txt.txt.txt.txt.txt.txt.txt.txt.txt
2025-12-12T13:45:02.195931 [ERROR] /home/michael/automation/raw_data/SPHER.2015-04-23T07-29-47.926.fits.txt.txt.txt.txt.txt.txt.txt.txt: Could not start Reflex: [Errno 2] No such file or directory: 'reflex'
2025-12-12T13:45:02.221135 [create_input_document] Created input doc: /home/michael/automation/raw_data/SPHER.2015-04-23T07-29-47.926.fits.txt.txt.txt.txt.txt.txt.txt.txt.txt.txt.txt.txt.txt.txt.txt.txt
2025-12-12T13:45:02.221349 [run_pipeline] Launching Reflex: reflex /home/michael/install/share/reflex/workflows/spher-0.58.1/sphere_ifs_custom1.kar -inputdoc /home/michael/automation/raw_data/SPHER.2015-04-23T07-29-47.926.fits.txt.txt.txt.txt.txt.txt.txt.txt.txt.txt.txt.txt.txt.txt.txt.txt
2025-12-12T13:45:02.256052 [ERROR] /home/michael/automation/raw_data/SPHER.2015-04-23T07-29-47.926.fits.txt.txt.txt.txt.txt.txt.txt.txt.txt.txt.txt.txt.txt.txt.txt: Could not start Reflex: [Errno 2] No such file or directory: 'reflex'
2025-12-12T13:45:02.278624 [create_input_document] Created input doc: /home/michael/automation/raw_data/SPHER.2015-04-23T07-29-47.926.fits.txt.txt.txt.txt.txt.txt.txt.txt.txt.txt
2025-12-12T13:45:02.278729 [run_pipeline] Launching Reflex: reflex /home/michael/install/share/reflex/workflows/spher-0.58.1/sphere_ifs_custom1.kar -inputdoc /home/michael/automation/raw_data/SPHER.2015-04-23T07-29-47.926.fits.txt.txt.txt.txt.txt.txt.txt.txt.txt.txt
2025-12-12T13:45:02.308472 [ERROR] /home/michael/automation/raw_data/SPHER.2015-04-23T07-29-47.926.fits.txt.txt.txt.txt.txt.txt.txt.txt.txt: Could not start Reflex: [Errno 2] No such file or directory: 'reflex'
2025-12-12T13:45:02.330930 [create_input_document] Created input doc: /home/michael/automation/raw_data/SPHER.2015-04-23T07-29-47.926.fits.txt.txt.txt.txt.txt.txt.txt.txt.txt.txt.txt.txt.txt.txt.txt.txt.txt
2025-12-12T13:45:02.331034 [run_pipeline] Launching Reflex: reflex /home/michael/install/share/reflex/workflows/spher-0.58.1/sphere_ifs_custom1.kar -inputdoc /home/michael/automation/raw_data/SPHER.2015-04-23T07-29-47.926.fits.txt.txt.txt.txt.txt.txt.txt.txt.txt.txt.txt.txt.txt.txt.txt.txt.txt
2025-12-12T13:45:02.366882 [ERROR] /home/michael/automation/raw_data/SPHER.2015-04-23T07-29-47.926.fits.txt.txt.txt.txt.txt.txt.txt.txt.txt.txt.txt.txt.txt.txt.txt.txt: Could not start Reflex: [Errno 2] No such file or directory: 'reflex'
2025-12-12T13:45:02.391992 [create_input_document] Created input doc: /home/michael/automation/raw_data/SPHER.2015-04-23T07-29-47.926.fits.txt.txt.txt.txt.txt.txt.txt.txt.txt.txt.txt
2025-12-12T13:45:02.392097 [run_pipeline] Launching Reflex: reflex /home/michael/install/share/reflex/workflows/spher-0.58.1/sphere_ifs_custom1.kar -inputdoc /home/michael/automation/raw_data/SPHER.2015-04-23T07-29-47.926.fits.txt.txt.txt.txt.txt.txt.txt.txt.txt.txt.txt
2025-12-12T13:45:02.423929 [ERROR] /home/michael/automation/raw_data/SPHER.2015-04-23T07-29-47.926.fits.txt.txt.txt.txt.txt.txt.txt.txt.txt.txt: Could not start Reflex: [Errno 2] No such file or directory: 'reflex'
2025-12-12T13:45:02.447711 [create_input_document] Created input doc: /home/michael/automation/raw_data/SPHER.2015-04-23T07-29-47.926.fits.txt.txt.txt.txt.txt.txt.txt.txt.txt.txt.txt.txt.txt.txt.txt.txt.txt.txt
2025-12-12T13:45:02.447909 [run_pipeline] Launching Reflex: reflex /home/michael/install/share/reflex/workflows/spher-0.58.1/sphere_ifs_custom1.kar -inputdoc /home/michael/automation/raw_data/SPHER.2015-04-23T07-29-47.926.fits.txt.txt.txt.txt.txt.txt.txt.txt.txt.txt.txt.txt.txt.txt.txt.txt.txt.txt
2025-12-12T13:45:02.479253 [ERROR] /home/michael/automation/raw_data/SPHER.2015-04-23T07-29-47.926.fits.txt.txt.txt.txt.txt.txt.txt.txt.txt.txt.txt.txt.txt.txt.txt.txt.txt: Could not start Reflex: [Errno 2] No such file or directory: 'reflex'
2025-12-12T13:45:02.505620 [create_input_document] Created input doc: /home/michael/automation/raw_data/SPHER.2015-04-23T07-29-47.926.fits.txt.txt.txt.txt.txt.txt.txt.txt.txt.txt.txt.txt
2025-12-12T13:45:02.505737 [run_pipeline] Launching Reflex: reflex /home/michael/install/share/reflex/workflows/spher-0.58.1/sphere_ifs_custom1.kar -inputdoc /home/michael/automation/raw_data/SPHER.2015-04-23T07-29-47.926.fits.txt.txt.txt.txt.txt.txt.txt.txt.txt.txt.txt.txt
2025-12-12T13:45:02.538716 [ERROR] /home/michael/automation/raw_data/SPHER.2015-04-23T07-29-47.926.fits.txt.txt.txt.txt.txt.txt.txt.txt.txt.txt.txt: Could not start Reflex: [Errno 2] No such file or directory: 'reflex'
2025-12-12T13:45:02.560953 [create_input_document] Created input doc: /home/michael/automation/raw_data/SPHER.2015-04-23T07-29-47.926.fits.txt.txt.txt.txt.txt.txt.txt.txt.txt.txt.txt.txt.txt.txt.txt.txt.txt.txt.txt
2025-12-12T13:45:02.561053 [run_pipeline] Launching Reflex: reflex /home/michael/install/share/reflex/workflows/spher-0.58.1/sphere_ifs_custom1.kar -inputdoc /home/michael/automation/raw_data/SPHER.2015-04-23T07-29-47.926.fits.txt.txt.txt.txt.txt.txt.txt.txt.txt.txt.txt.txt.txt.txt.txt.txt.txt.txt.txt
2025-12-12T13:45:02.592681 [ERROR] /home/michael/automation/raw_data/SPHER.2015-04-23T07-29-47.926.fits.txt.txt.txt.txt.txt.txt.txt.txt.txt.txt.txt.txt.txt.txt.txt.txt.txt.txt: Could not start Reflex: [Errno 2] No such file or directory: 'reflex'
2025-12-12T13:45:02.620775 [create_input_document] Created input doc: /home/michael/automation/raw_data/SPHER.2015-04-23T07-29-47.926.fits.txt.txt.txt.txt.txt.txt.txt.txt.txt.txt.txt.txt.txt
2025-12-12T13:45:02.620982 [run_pipeline] Launching Reflex: reflex /home/michael/install/share/reflex/workflows/spher-0.58.1/sphere_ifs_custom1.kar -inputdoc /home/michael/automation/raw_data/SPHER.2015-04-23T07-29-47.926.fits.txt.txt.txt.txt.txt.txt.txt.txt.txt.txt.txt.txt.txt
2025-12-12T13:45:02.661186 [ERROR] /home/michael/automation/raw_data/SPHER.2015-04-23T07-29-47.926.fits.txt.txt.txt.txt.txt.txt.txt.txt.txt.txt.txt.txt: Could not start Reflex: [Errno 2] No such file or directory: 'reflex'
2025-12-12T13:45:02.684721 [create_input_document] Created input doc: /home/michael/automation/raw_data/SPHER.2015-04-23T07-29-47.926.fits.txt.txt.txt.txt.txt.txt.txt.txt.txt.txt.txt.txt.txt.txt.txt.txt.txt.txt.txt.txt
2025-12-12T13:45:02.684856 [run_pipeline] Launching Reflex: reflex /home/michael/install/share/reflex/workflows/spher-0.58.1/sphere_ifs_custom1.kar -inputdoc /home/michael/automation/raw_data/SPHER.2015-04-23T07-29-47.926.fits.txt.txt.txt.txt.txt.txt.txt.txt.txt.txt.txt.txt.txt.txt.txt.txt.txt.txt.txt.txt
2025-12-12T13:45:02.718631 [ERROR] /home/michael/automation/raw_data/SPHER.2015-04-23T07-29-47.926.fits.txt.txt.txt.txt.txt.txt.txt.txt.txt.txt.txt.txt.txt.txt.txt.txt.txt.txt.txt: Could not start Reflex: [Errno 2] No such file or directory: 'reflex'
2025-12-12T13:45:02.748353 [create_input_document] Created input doc: /home/michael/automation/raw_data/SPHER.2015-04-23T07-29-47.926.fits.txt.txt.txt.txt.txt.txt.txt.txt.txt.txt.txt.txt.txt.txt
2025-12-12T13:45:02.748504 [run_pipeline] Launching Reflex: reflex /home/michael/install/share/reflex/workflows/spher-0.58.1/sphere_ifs_custom1.kar -inputdoc /home/michael/automation/raw_data/SPHER.2015-04-23T07-29-47.926.fits.txt.txt.txt.txt.txt.txt.txt.txt.txt.txt.txt.txt.txt.txt
2025-12-12T13:45:02.784727 [ERROR] /home/michael/automation/raw_data/SPHER.2015-04-23T07-29-47.926.fits.txt.txt.txt.txt.txt.txt.txt.txt.txt.txt.txt.txt.txt: Could not start Reflex: [Errno 2] No such file or directory: 'reflex'
2025-12-12T13:45:02.810546 [create_input_document] Created input doc: /home/michael/automation/raw_data/SPHER.2015-04-23T07-29-47.926.fits.txt.txt.txt.txt.txt.txt.txt.txt.txt.txt.txt.txt.txt.txt.txt.txt.txt.txt.txt.txt.txt
2025-12-12T13:45:02.810646 [run_pipeline] Launching Reflex: reflex /home/michael/install/share/reflex/workflows/spher-0.58.1/sphere_ifs_custom1.kar -inputdoc /home/michael/automation/raw_data/SPHER.2015-04-23T07-29-47.926.fits.txt.txt.txt.txt.txt.txt.txt.txt.txt.txt.txt.txt.txt.txt.txt.txt.txt.txt.txt.txt.txt
2025-12-12T13:45:02.844402 [ERROR] /home/michael/automation/raw_data/SPHER.2015-04-23T07-29-47.926.fits.txt.txt.txt.txt.txt.txt.txt.txt.txt.txt.txt.txt.txt.txt.txt.txt.txt.txt.txt.txt: Could not start Reflex: [Errno 2] No such file or directory: 'reflex'
2025-12-12T13:45:02.866659 [create_input_document] Created input doc: /home/michael/automation/raw_data/SPHER.2015-04-23T07-29-47.926.fits.txt.txt.txt.txt.txt.txt.txt.txt.txt.txt.txt.txt.txt.txt.txt
2025-12-12T13:45:02.866759 [run_pipeline] Launching Reflex: reflex /home/michael/install/share/reflex/workflows/spher-0.58.1/sphere_ifs_custom1.kar -inputdoc /home/michael/automation/raw_data/SPHER.2015-04-23T07-29-47.926.fits.txt.txt.txt.txt.txt.txt.txt.txt.txt.txt.txt.txt.txt.txt.txt
2025-12-12T13:45:02.902212 [ERROR] /home/michael/automation/raw_data/SPHER.2015-04-23T07-29-47.926.fits.txt.txt.txt.txt.txt.txt.txt.txt.txt.txt.txt.txt.txt.txt: Could not start Reflex: [Errno 2] No such file or directory: 'reflex'
2025-12-12T13:45:02.929794 [create_input_document] Created input doc: /home/michael/automation/raw_data/SPHER.2015-04-23T07-29-47.926.fits.txt.txt.txt.txt.txt.txt.txt.txt.txt.txt.txt.txt.txt.txt.txt.txt.txt.txt.txt.txt.txt.txt
2025-12-12T13:45:02.929982 [run_pipeline] Launching Reflex: reflex /home/michael/install/share/reflex/workflows/spher-0.58.1/sphere_ifs_custom1.kar -inputdoc /home/michael/automation/raw_data/SPHER.2015-04-23T07-29-47.926.fits.txt.txt.txt.txt.txt.txt.txt.txt.txt.txt.txt.txt.txt.txt.txt.txt.txt.txt.txt.txt.txt.txt
2025-12-12T13:45:02.965575 [ERROR] /home/michael/automation/raw_data/SPHER.2015-04-23T07-29-47.926.fits.txt.txt.txt.txt.txt.txt.txt.txt.txt.txt.txt.txt.txt.txt.txt.txt.txt.txt.txt.txt.txt: Could not start Reflex: [Errno 2] No such file or directory: 'reflex'
2025-12-12T13:45:02.992776 [create_input_document] Created input doc: /home/michael/automation/raw_data/SPHER.2015-04-23T07-29-47.926.fits.txt.txt.txt.txt.txt.txt.txt.txt.txt.txt.txt.txt.txt.txt.txt.txt
2025-12-12T13:45:02.992900 [run_pipeline] Launching Reflex: reflex /home/michael/install/share/reflex/workflows/spher-0.58.1/sphere_ifs_custom1.kar -inputdoc /home/michael/automation/raw_data/SPHER.2015-04-23T07-29-47.926.fits.txt.txt.txt.txt.txt.txt.txt.txt.txt.txt.txt.txt.txt.txt.txt.txt
2025-12-12T13:45:03.024235 [ERROR] /home/michael/automation/raw_data/SPHER.2015-04-23T07-29-47.926.fits.txt.txt.txt.txt.txt.txt.txt.txt.txt.txt.txt.txt.txt.txt.txt: Could not start Reflex: [Errno 2] No such file or directory: 'reflex'
2025-12-12T13:45:03.050451 [create_input_document] Created input doc: /home/michael/automation/raw_data/SPHER.2015-04-23T07-29-47.926.fits.txt.txt.txt.txt.txt.txt.txt.txt.txt.txt.txt.txt.txt.txt.txt.txt.txt.txt.txt.txt.txt.txt.txt
2025-12-12T13:45:03.050626 [run_pipeline] Launching Reflex: reflex /home/michael/install/share/reflex/workflows/spher-0.58.1/sphere_ifs_custom1.kar -inputdoc /home/michael/automation/raw_data/SPHER.2015-04-23T07-29-47.926.fits.txt.txt.txt.txt.txt.txt.txt.txt.txt.txt.txt.txt.txt.txt.txt.txt.txt.txt.txt.txt.txt.txt.txt
2025-12-12T13:45:03.083261 [ERROR] /home/michael/automation/raw_data/SPHER.2015-04-23T07-29-47.926.fits.txt.txt.txt.txt.txt.txt.txt.txt.txt.txt.txt.txt.txt.txt.txt.txt.txt.txt.txt.txt.txt.txt: Could not start Reflex: [Errno 2] No such file or directory: 'reflex'
2025-12-12T13:45:03.106239 [create_input_document] Created input doc: /home/michael/automation/raw_data/SPHER.2015-04-23T07-29-47.926.fits.txt.txt.txt.txt.txt.txt.txt.txt.txt.txt.txt.txt.txt.txt.txt.txt.txt
2025-12-12T13:45:03.106341 [run_pipeline] Launching Reflex: reflex /home/michael/install/share/reflex/workflows/spher-0.58.1/sphere_ifs_custom1.kar -inputdoc /home/michael/automation/raw_data/SPHER.2015-04-23T07-29-47.926.fits.txt.txt.txt.txt.txt.txt.txt.txt.txt.txt.txt.txt.txt.txt.txt.txt.txt
2025-12-12T13:45:03.143513 [ERROR] /home/michael/automation/raw_data/SPHER.2015-04-23T07-29-47.926.fits.txt.txt.txt.txt.txt.txt.txt.txt.txt.txt.txt.txt.txt.txt.txt.txt: Could not start Reflex: [Errno 2] No such file or directory: 'reflex'
2025-12-12T13:45:03.166534 [create_input_document] Created input doc: /home/michael/automation/raw_data/SPHER.2015-04-23T07-29-47.926.fits.txt.txt.txt.txt.txt.txt.txt.txt.txt.txt.txt.txt.txt.txt.txt.txt.txt.txt.txt.txt.txt.txt.txt.txt
2025-12-12T13:45:03.166643 [run_pipeline] Launching Reflex: reflex /home/michael/install/share/reflex/workflows/spher-0.58.1/sphere_ifs_custom1.kar -inputdoc /home/michael/automation/raw_data/SPHER.2015-04-23T07-29-47.926.fits.txt.txt.txt.txt.txt.txt.txt.txt.txt.txt.txt.txt.txt.txt.txt.txt.txt.txt.txt.txt.txt.txt.txt.txt
2025-12-12T13:45:03.200442 [ERROR] /home/michael/automation/raw_data/SPHER.2015-04-23T07-29-47.926.fits.txt.txt.txt.txt.txt.txt.txt.txt.txt.txt.txt.txt.txt.txt.txt.txt.txt.txt.txt.txt.txt.txt.txt: Could not start Reflex: [Errno 2] No such file or directory: 'reflex'
2025-12-12T13:45:03.230198 [create_input_document] Created input doc: /home/michael/automation/raw_data/SPHER.2015-04-23T07-29-47.926.fits.txt.txt.txt.txt.txt.txt.txt.txt.txt.txt.txt.txt.txt.txt.txt.txt.txt.txt
2025-12-12T13:45:03.230323 [run_pipeline] Launching Reflex: reflex /home/michael/install/share/reflex/workflows/spher-0.58.1/sphere_ifs_custom1.kar -inputdoc /home/michael/automation/raw_data/SPHER.2015-04-23T07-29-47.926.fits.txt.txt.txt.txt.txt.txt.txt.txt.txt.txt.txt.txt.txt.txt.txt.txt.txt.txt
2025-12-12T13:45:03.268714 [ERROR] /home/michael/automation/raw_data/SPHER.2015-04-23T07-29-47.926.fits.txt.txt.txt.txt.txt.txt.txt.txt.txt.txt.txt.txt.txt.txt.txt.txt.txt: Could not start Reflex: [Errno 2] No such file or directory: 'reflex'
2025-12-12T13:45:03.294592 [create_input_document] Created input doc: /home/michael/automation/raw_data/SPHER.2015-04-23T07-29-47.926.fits.txt.txt.txt.txt.txt.txt.txt.txt.txt.txt.txt.txt.txt.txt.txt.txt.txt.txt.txt.txt.txt.txt.txt.txt.txt
2025-12-12T13:45:03.294718 [run_pipeline] Launching Reflex: reflex /home/michael/install/share/reflex/workflows/spher-0.58.1/sphere_ifs_custom1.kar -inputdoc /home/michael/automation/raw_data/SPHER.2015-04-23T07-29-47.926.fits.txt.txt.txt.txt.txt.txt.txt.txt.txt.txt.txt.txt.txt.txt.txt.txt.txt.txt.txt.txt.txt.txt.txt.txt.txt
2025-12-12T13:45:03.328956 [ERROR] /home/michael/automation/raw_data/SPHER.2015-04-23T07-29-47.926.fits.txt.txt.txt.txt.txt.txt.txt.txt.txt.txt.txt.txt.txt.txt.txt.txt.txt.txt.txt.txt.txt.txt.txt.txt: Could not start Reflex: [Errno 2] No such file or directory: 'reflex'
2025-12-12T13:45:03.353638 [create_input_document] Created input doc: /home/michael/automation/raw_data/SPHER.2015-04-23T07-29-47.926.fits.txt.txt.txt.txt.txt.txt.txt.txt.txt.txt.txt.txt.txt.txt.txt.txt.txt.txt.txt
2025-12-12T13:45:03.353776 [run_pipeline] Launching Reflex: reflex /home/michael/install/share/reflex/workflows/spher-0.58.1/sphere_ifs_custom1.kar -inputdoc /home/michael/automation/raw_data/SPHER.2015-04-23T07-29-47.926.fits.txt.txt.txt.txt.txt.txt.txt.txt.txt.txt.txt.txt.txt.txt.txt.txt.txt.txt.txt
2025-12-12T13:45:03.391141 [ERROR] /home/michael/automation/raw_data/SPHER.2015-04-23T07-29-47.926.fits.txt.txt.txt.txt.txt.txt.txt.txt.txt.txt.txt.txt.txt.txt.txt.txt.txt.txt: Could not start Reflex: [Errno 2] No such file or directory: 'reflex'
2025-12-12T13:45:03.417052 [create_input_document] Created input doc: /home/michael/automation/raw_data/SPHER.2015-04-23T07-29-47.926.fits.txt.txt.txt.txt.txt.txt.txt.txt.txt.txt.txt.txt.txt.txt.txt.txt.txt.txt.txt.txt.txt.txt.txt.txt.txt.txt
2025-12-12T13:45:03.417176 [run_pipeline] Launching Reflex: reflex /home/michael/install/share/reflex/workflows/spher-0.58.1/sphere_ifs_custom1.kar -inputdoc /home/michael/automation/raw_data/SPHER.2015-04-23T07-29-47.926.fits.txt.txt.txt.txt.txt.txt.txt.txt.txt.txt.txt.txt.txt.txt.txt.txt.txt.txt.txt.txt.txt.txt.txt.txt.txt.txt
2025-12-12T13:45:03.450438 [ERROR] /home/michael/automation/raw_data/SPHER.2015-04-23T07-29-47.926.fits.txt.txt.txt.txt.txt.txt.txt.txt.txt.txt.txt.txt.txt.txt.txt.txt.txt.txt.txt.txt.txt.txt.txt.txt.txt: Could not start Reflex: [Errno 2] No such file or directory: 'reflex'
2025-12-12T13:45:03.473938 [create_input_document] Created input doc: /home/michael/automation/raw_data/SPHER.2015-04-23T07-29-47.926.fits.txt.txt.txt.txt.txt.txt.txt.txt.txt.txt.txt.txt.txt.txt.txt.txt.txt.txt.txt.txt
2025-12-12T13:45:03.474044 [run_pipeline] Launching Reflex: reflex /home/michael/install/share/reflex/workflows/spher-0.58.1/sphere_ifs_custom1.kar -inputdoc /home/michael/automation/raw_data/SPHER.2015-04-23T07-29-47.926.fits.txt.txt.txt.txt.txt.txt.txt.txt.txt.txt.txt.txt.txt.txt.txt.txt.txt.txt.txt.txt
2025-12-12T13:45:03.504171 [ERROR] /home/michael/automation/raw_data/SPHER.2015-04-23T07-29-47.926.fits.txt.txt.txt.txt.txt.txt.txt.txt.txt.txt.txt.txt.txt.txt.txt.txt.txt.txt.txt: Could not start Reflex: [Errno 2] No such file or directory: 'reflex'
2025-12-12T13:45:03.527668 [create_input_document] Created input doc: /home/michael/automation/raw_data/SPHER.2015-04-23T07-29-47.926.fits.txt.txt.txt.txt.txt.txt.txt.txt.txt.txt.txt.txt.txt.txt.txt.txt.txt.txt.txt.txt.txt.txt.txt.txt.txt.txt.txt
2025-12-12T13:45:03.527801 [run_pipeline] Launching Reflex: reflex /home/michael/install/share/reflex/workflows/spher-0.58.1/sphere_ifs_custom1.kar -inputdoc /home/michael/automation/raw_data/SPHER.2015-04-23T07-29-47.926.fits.txt.txt.txt.txt.txt.txt.txt.txt.txt.txt.txt.txt.txt.txt.txt.txt.txt.txt.txt.txt.txt.txt.txt.txt.txt.txt.txt
2025-12-12T13:45:03.560033 [ERROR] /home/michael/automation/raw_data/SPHER.2015-04-23T07-29-47.926.fits.txt.txt.txt.txt.txt.txt.txt.txt.txt.txt.txt.txt.txt.txt.txt.txt.txt.txt.txt.txt.txt.txt.txt.txt.txt.txt: Could not start Reflex: [Errno 2] No such file or directory: 'reflex'
2025-12-12T13:45:03.587749 [create_input_document] Created input doc: /home/michael/automation/raw_data/SPHER.2015-04-23T07-29-47.926.fits.txt.txt.txt.txt.txt.txt.txt.txt.txt.txt.txt.txt.txt.txt.txt.txt.txt.txt.txt.txt.txt
2025-12-12T13:45:03.587945 [run_pipeline] Launching Reflex: reflex /home/michael/install/share/reflex/workflows/spher-0.58.1/sphere_ifs_custom1.kar -inputdoc /home/michael/automation/raw_data/SPHER.2015-04-23T07-29-47.926.fits.txt.txt.txt.txt.txt.txt.txt.txt.txt.txt.txt.txt.txt.txt.txt.txt.txt.txt.txt.txt.txt
2025-12-12T13:45:03.621726 [ERROR] /home/michael/automation/raw_data/SPHER.2015-04-23T07-29-47.926.fits.txt.txt.txt.txt.txt.txt.txt.txt.txt.txt.txt.txt.txt.txt.txt.txt.txt.txt.txt.txt: Could not start Reflex: [Errno 2] No such file or directory: 'reflex'
2025-12-12T13:45:03.646763 [create_input_document] Created input doc: /home/michael/automation/raw_data/SPHER.2015-04-23T07-29-47.926.fits.txt.txt.txt.txt.txt.txt.txt.txt.txt.txt.txt.txt.txt.txt.txt.txt.txt.txt.txt.txt.txt.txt.txt.txt.txt.txt.txt.txt
2025-12-12T13:45:03.646865 [run_pipeline] Launching Reflex: reflex /home/michael/install/share/reflex/workflows/spher-0.58.1/sphere_ifs_custom1.kar -inputdoc /home/michael/automation/raw_data/SPHER.2015-04-23T07-29-47.926.fits.txt.txt.txt.txt.txt.txt.txt.txt.txt.txt.txt.txt.txt.txt.txt.txt.txt.txt.txt.txt.txt.txt.txt.txt.txt.txt.txt.txt
2025-12-12T13:45:03.688615 [ERROR] /home/michael/automation/raw_data/SPHER.2015-04-23T07-29-47.926.fits.txt.txt.txt.txt.txt.txt.txt.txt.txt.txt.txt.txt.txt.txt.txt.txt.txt.txt.txt.txt.txt.txt.txt.txt.txt.txt.txt: Could not start Reflex: [Errno 2] No such file or directory: 'reflex'
2025-12-12T13:45:03.710746 [create_input_document] Created input doc: /home/michael/automation/raw_data/SPHER.2015-04-23T07-29-47.926.fits.txt.txt.txt.txt.txt.txt.txt.txt.txt.txt.txt.txt.txt.txt.txt.txt.txt.txt.txt.txt.txt.txt
2025-12-12T13:45:03.710853 [run_pipeline] Launching Reflex: reflex /home/michael/install/share/reflex/workflows/spher-0.58.1/sphere_ifs_custom1.kar -inputdoc /home/michael/automation/raw_data/SPHER.2015-04-23T07-29-47.926.fits.txt.txt.txt.txt.txt.txt.txt.txt.txt.txt.txt.txt.txt.txt.txt.txt.txt.txt.txt.txt.txt.txt
2025-12-12T13:45:03.745910 [ERROR] /home/michael/automation/raw_data/SPHER.2015-04-23T07-29-47.926.fits.txt.txt.txt.txt.txt.txt.txt.txt.txt.txt.txt.txt.txt.txt.txt.txt.txt.txt.txt.txt.txt: Could not start Reflex: [Errno 2] No such file or directory: 'reflex'
2025-12-12T13:45:03.770505 [create_input_document] Created input doc: /home/michael/automation/raw_data/SPHER.2015-04-23T07-29-47.926.fits.txt.txt.txt.txt.txt.txt.txt.txt.txt.txt.txt.txt.txt.txt.txt.txt.txt.txt.txt.txt.txt.txt.txt.txt.txt.txt.txt.txt.txt
2025-12-12T13:45:03.770702 [run_pipeline] Launching Reflex: reflex /home/michael/install/share/reflex/workflows/spher-0.58.1/sphere_ifs_custom1.kar -inputdoc /home/michael/automation/raw_data/SPHER.2015-04-23T07-29-47.926.fits.txt.txt.txt.txt.txt.txt.txt.txt.txt.txt.txt.txt.txt.txt.txt.txt.txt.txt.txt.txt.txt.txt.txt.txt.txt.txt.txt.txt.txt
2025-12-12T13:45:03.806542 [ERROR] /home/michael/automation/raw_data/SPHER.2015-04-23T07-29-47.926.fits.txt.txt.txt.txt.txt.txt.txt.txt.txt.txt.txt.txt.txt.txt.txt.txt.txt.txt.txt.txt.txt.txt.txt.txt.txt.txt.txt.txt: Could not start Reflex: [Errno 2] No such file or directory: 'reflex'
2025-12-12T13:45:03.829709 [create_input_document] Created input doc: /home/michael/automation/raw_data/SPHER.2015-04-23T07-29-47.926.fits.txt.txt.txt.txt.txt.txt.txt.txt.txt.txt.txt.txt.txt.txt.txt.txt.txt.txt.txt.txt.txt.txt.txt
2025-12-12T13:45:03.829816 [run_pipeline] Launching Reflex: reflex /home/michael/install/share/reflex/workflows/spher-0.58.1/sphere_ifs_custom1.kar -inputdoc /home/michael/automation/raw_data/SPHER.2015-04-23T07-29-47.926.fits.txt.txt.txt.txt.txt.txt.txt.txt.txt.txt.txt.txt.txt.txt.txt.txt.txt.txt.txt.txt.txt.txt.txt
2025-12-12T13:45:03.863328 [ERROR] /home/michael/automation/raw_data/SPHER.2015-04-23T07-29-47.926.fits.txt.txt.txt.txt.txt.txt.txt.txt.txt.txt.txt.txt.txt.txt.txt.txt.txt.txt.txt.txt.txt.txt: Could not start Reflex: [Errno 2] No such file or directory: 'reflex'
2025-12-12T13:45:03.887888 [create_input_document] Created input doc: /home/michael/automation/raw_data/SPHER.2015-04-23T07-29-47.926.fits.txt.txt.txt.txt.txt.txt.txt.txt.txt.txt.txt.txt.txt.txt.txt.txt.txt.txt.txt.txt.txt.txt.txt.txt.txt.txt.txt.txt.txt.txt
2025-12-12T13:45:03.888077 [run_pipeline] Launching Reflex: reflex /home/michael/install/share/reflex/workflows/spher-0.58.1/sphere_ifs_custom1.kar -inputdoc /home/michael/automation/raw_data/SPHER.2015-04-23T07-29-47.926.fits.txt.txt.txt.txt.txt.txt.txt.txt.txt.txt.txt.txt.txt.txt.txt.txt.txt.txt.txt.txt.txt.txt.txt.txt.txt.txt.txt.txt.txt.txt
2025-12-12T13:45:03.921427 [ERROR] /home/michael/automation/raw_data/SPHER.2015-04-23T07-29-47.926.fits.txt.txt.txt.txt.txt.txt.txt.txt.txt.txt.txt.txt.txt.txt.txt.txt.txt.txt.txt.txt.txt.txt.txt.txt.txt.txt.txt.txt.txt: Could not start Reflex: [Errno 2] No such file or directory: 'reflex'
2025-12-12T13:45:03.945093 [create_input_document] Created input doc: /home/michael/automation/raw_data/SPHER.2015-04-23T07-29-47.926.fits.txt.txt.txt.txt.txt.txt.txt.txt.txt.txt.txt.txt.txt.txt.txt.txt.txt.txt.txt.txt.txt.txt.txt.txt
2025-12-12T13:45:03.945202 [run_pipeline] Launching Reflex: reflex /home/michael/install/share/reflex/workflows/spher-0.58.1/sphere_ifs_custom1.kar -inputdoc /home/michael/automation/raw_data/SPHER.2015-04-23T07-29-47.926.fits.txt.txt.txt.txt.txt.txt.txt.txt.txt.txt.txt.txt.txt.txt.txt.txt.txt.txt.txt.txt.txt.txt.txt.txt
2025-12-12T13:45:03.978824 [ERROR] /home/michael/automation/raw_data/SPHER.2015-04-23T07-29-47.926.fits.txt.txt.txt.txt.txt.txt.txt.txt.txt.txt.txt.txt.txt.txt.txt.txt.txt.txt.txt.txt.txt.txt.txt: Could not start Reflex: [Errno 2] No such file or directory: 'reflex'
2025-12-12T13:45:04.001245 [create_input_document] Created input doc: /home/michael/automation/raw_data/SPHER.2015-04-23T07-29-47.926.fits.txt.txt.txt.txt.txt.txt.txt.txt.txt.txt.txt.txt.txt.txt.txt.txt.txt.txt.txt.txt.txt.txt.txt.txt.txt.txt.txt.txt.txt.txt.txt
2025-12-12T13:45:04.001346 [run_pipeline] Launching Reflex: reflex /home/michael/install/share/reflex/workflows/spher-0.58.1/sphere_ifs_custom1.kar -inputdoc /home/michael/automation/raw_data/SPHER.2015-04-23T07-29-47.926.fits.txt.txt.txt.txt.txt.txt.txt.txt.txt.txt.txt.txt.txt.txt.txt.txt.txt.txt.txt.txt.txt.txt.txt.txt.txt.txt.txt.txt.txt.txt.txt
2025-12-12T13:45:04.036222 [ERROR] /home/michael/automation/raw_data/SPHER.2015-04-23T07-29-47.926.fits.txt.txt.txt.txt.txt.txt.txt.txt.txt.txt.txt.txt.txt.txt.txt.txt.txt.txt.txt.txt.txt.txt.txt.txt.txt.txt.txt.txt.txt.txt: Could not start Reflex: [Errno 2] No such file or directory: 'reflex'
2025-12-12T13:45:04.060954 [create_input_document] Created input doc: /home/michael/automation/raw_data/SPHER.2015-04-23T07-29-47.926.fits.txt.txt.txt.txt.txt.txt.txt.txt.txt.txt.txt.txt.txt.txt.txt.txt.txt.txt.txt.txt.txt.txt.txt.txt.txt
2025-12-12T13:45:04.061233 [run_pipeline] Launching Reflex: reflex /home/michael/install/share/reflex/workflows/spher-0.58.1/sphere_ifs_custom1.kar -inputdoc /home/michael/automation/raw_data/SPHER.2015-04-23T07-29-47.926.fits.txt.txt.txt.txt.txt.txt.txt.txt.txt.txt.txt.txt.txt.txt.txt.txt.txt.txt.txt.txt.txt.txt.txt.txt.txt
2025-12-12T13:45:04.091583 [ERROR] /home/michael/automation/raw_data/SPHER.2015-04-23T07-29-47.926.fits.txt.txt.txt.txt.txt.txt.txt.txt.txt.txt.txt.txt.txt.txt.txt.txt.txt.txt.txt.txt.txt.txt.txt.txt: Could not start Reflex: [Errno 2] No such file or directory: 'reflex'
2025-12-12T13:45:04.114723 [create_input_document] Created input doc: /home/michael/automation/raw_data/SPHER.2015-04-23T07-29-47.926.fits.txt.txt.txt.txt.txt.txt.txt.txt.txt.txt.txt.txt.txt.txt.txt.txt.txt.txt.txt.txt.txt.txt.txt.txt.txt.txt.txt.txt.txt.txt.txt.txt
2025-12-12T13:45:04.114817 [run_pipeline] Launching Reflex: reflex /home/michael/install/share/reflex/workflows/spher-0.58.1/sphere_ifs_custom1.kar -inputdoc /home/michael/automation/raw_data/SPHER.2015-04-23T07-29-47.926.fits.txt.txt.txt.txt.txt.txt.txt.txt.txt.txt.txt.txt.txt.txt.txt.txt.txt.txt.txt.txt.txt.txt.txt.txt.txt.txt.txt.txt.txt.txt.txt.txt
2025-12-12T13:45:04.155466 [ERROR] /home/michael/automation/raw_data/SPHER.2015-04-23T07-29-47.926.fits.txt.txt.txt.txt.txt.txt.txt.txt.txt.txt.txt.txt.txt.txt.txt.txt.txt.txt.txt.txt.txt.txt.txt.txt.txt.txt.txt.txt.txt.txt.txt: Could not start Reflex: [Errno 2] No such file or directory: 'reflex'
2025-12-12T13:45:04.182808 [create_input_document] Created input doc: /home/michael/automation/raw_data/SPHER.2015-04-23T07-29-47.926.fits.txt.txt.txt.txt.txt.txt.txt.txt.txt.txt.txt.txt.txt.txt.txt.txt.txt.txt.txt.txt.txt.txt.txt.txt.txt.txt
2025-12-12T13:45:04.182966 [run_pipeline] Launching Reflex: reflex /home/michael/install/share/reflex/workflows/spher-0.58.1/sphere_ifs_custom1.kar -inputdoc /home/michael/automation/raw_data/SPHER.2015-04-23T07-29-47.926.fits.txt.txt.txt.txt.txt.txt.txt.txt.txt.txt.txt.txt.txt.txt.txt.txt.txt.txt.txt.txt.txt.txt.txt.txt.txt.txt
2025-12-12T13:45:04.220975 [ERROR] /home/michael/automation/raw_data/SPHER.2015-04-23T07-29-47.926.fits.txt.txt.txt.txt.txt.txt.txt.txt.txt.txt.txt.txt.txt.txt.txt.txt.txt.txt.txt.txt.txt.txt.txt.txt.txt: Could not start Reflex: [Errno 2] No such file or directory: 'reflex'
2025-12-12T13:45:04.246069 [create_input_document] Created input doc: /home/michael/automation/raw_data/SPHER.2015-04-23T07-29-47.926.fits.txt.txt.txt.txt.txt.txt.txt.txt.txt.txt.txt.txt.txt.txt.txt.txt.txt.txt.txt.txt.txt.txt.txt.txt.txt.txt.txt.txt.txt.txt.txt.txt.txt
2025-12-12T13:45:04.246178 [run_pipeline] Launching Reflex: reflex /home/michael/install/share/reflex/workflows/spher-0.58.1/sphere_ifs_custom1.kar -inputdoc /home/michael/automation/raw_data/SPHER.2015-04-23T07-29-47.926.fits.txt.txt.txt.txt.txt.txt.txt.txt.txt.txt.txt.txt.txt.txt.txt.txt.txt.txt.txt.txt.txt.txt.txt.txt.txt.txt.txt.txt.txt.txt.txt.txt.txt
2025-12-12T13:45:04.278962 [ERROR] /home/michael/automation/raw_data/SPHER.2015-04-23T07-29-47.926.fits.txt.txt.txt.txt.txt.txt.txt.txt.txt.txt.txt.txt.txt.txt.txt.txt.txt.txt.txt.txt.txt.txt.txt.txt.txt.txt.txt.txt.txt.txt.txt.txt: Could not start Reflex: [Errno 2] No such file or directory: 'reflex'
2025-12-12T13:45:04.303865 [create_input_document] Created input doc: /home/michael/automation/raw_data/SPHER.2015-04-23T07-29-47.926.fits.txt.txt.txt.txt.txt.txt.txt.txt.txt.txt.txt.txt.txt.txt.txt.txt.txt.txt.txt.txt.txt.txt.txt.txt.txt.txt.txt
2025-12-12T13:45:04.304035 [run_pipeline] Launching Reflex: reflex /home/michael/install/share/reflex/workflows/spher-0.58.1/sphere_ifs_custom1.kar -inputdoc /home/michael/automation/raw_data/SPHER.2015-04-23T07-29-47.926.fits.txt.txt.txt.txt.txt.txt.txt.txt.txt.txt.txt.txt.txt.txt.txt.txt.txt.txt.txt.txt.txt.txt.txt.txt.txt.txt.txt
2025-12-12T13:45:04.333442 [ERROR] /home/michael/automation/raw_data/SPHER.2015-04-23T07-29-47.926.fits.txt.txt.txt.txt.txt.txt.txt.txt.txt.txt.txt.txt.txt.txt.txt.txt.txt.txt.txt.txt.txt.txt.txt.txt.txt.txt: Could not start Reflex: [Errno 2] No such file or directory: 'reflex'
2025-12-12T13:45:04.358333 [create_input_document] Created input doc: /home/michael/automation/raw_data/SPHER.2015-04-23T07-29-47.926.fits.txt.txt.txt.txt.txt.txt.txt.txt.txt.txt.txt.txt.txt.txt.txt.txt.txt.txt.txt.txt.txt.txt.txt.txt.txt.txt.txt.txt.txt.txt.txt.txt.txt.txt
2025-12-12T13:45:04.358489 [run_pipeline] Launching Reflex: reflex /home/michael/install/share/reflex/workflows/spher-0.58.1/sphere_ifs_custom1.kar -inputdoc /home/michael/automation/raw_data/SPHER.2015-04-23T07-29-47.926.fits.txt.txt.txt.txt.txt.txt.txt.txt.txt.txt.txt.txt.txt.txt.txt.txt.txt.txt.txt.txt.txt.txt.txt.txt.txt.txt.txt.txt.txt.txt.txt.txt.txt.txt
2025-12-12T13:45:04.394199 [ERROR] /home/michael/automation/raw_data/SPHER.2015-04-23T07-29-47.926.fits.txt.txt.txt.txt.txt.txt.txt.txt.txt.txt.txt.txt.txt.txt.txt.txt.txt.txt.txt.txt.txt.txt.txt.txt.txt.txt.txt.txt.txt.txt.txt.txt.txt: Could not start Reflex: [Errno 2] No such file or directory: 'reflex'
2025-12-12T13:45:04.417089 [create_input_document] Created input doc: /home/michael/automation/raw_data/SPHER.2015-04-23T07-29-47.926.fits.txt.txt.txt.txt.txt.txt.txt.txt.txt.txt.txt.txt.txt.txt.txt.txt.txt.txt.txt.txt.txt.txt.txt.txt.txt.txt.txt.txt
2025-12-12T13:45:04.417327 [run_pipeline] Launching Reflex: reflex /home/michael/install/share/reflex/workflows/spher-0.58.1/sphere_ifs_custom1.kar -inputdoc /home/michael/automation/raw_data/SPHER.2015-04-23T07-29-47.926.fits.txt.txt.txt.txt.txt.txt.txt.txt.txt.txt.txt.txt.txt.txt.txt.txt.txt.txt.txt.txt.txt.txt.txt.txt.txt.txt.txt.txt
2025-12-12T13:45:04.448608 [ERROR] /home/michael/automation/raw_data/SPHER.2015-04-23T07-29-47.926.fits.txt.txt.txt.txt.txt.txt.txt.txt.txt.txt.txt.txt.txt.txt.txt.txt.txt.txt.txt.txt.txt.txt.txt.txt.txt.txt.txt: Could not start Reflex: [Errno 2] No such file or directory: 'reflex'
2025-12-12T13:45:04.472555 [create_input_document] Created input doc: /home/michael/automation/raw_data/SPHER.2015-04-23T07-29-47.926.fits.txt.txt.txt.txt.txt.txt.txt.txt.txt.txt.txt.txt.txt.txt.txt.txt.txt.txt.txt.txt.txt.txt.txt.txt.txt.txt.txt.txt.txt.txt.txt.txt.txt.txt.txt
2025-12-12T13:45:04.472657 [run_pipeline] Launching Reflex: reflex /home/michael/install/share/reflex/workflows/spher-0.58.1/sphere_ifs_custom1.kar -inputdoc /home/michael/automation/raw_data/SPHER.2015-04-23T07-29-47.926.fits.txt.txt.txt.txt.txt.txt.txt.txt.txt.txt.txt.txt.txt.txt.txt.txt.txt.txt.txt.txt.txt.txt.txt.txt.txt.txt.txt.txt.txt.txt.txt.txt.txt.txt.txt
2025-12-12T13:45:04.501788 [ERROR] /home/michael/automation/raw_data/SPHER.2015-04-23T07-29-47.926.fits.txt.txt.txt.txt.txt.txt.txt.txt.txt.txt.txt.txt.txt.txt.txt.txt.txt.txt.txt.txt.txt.txt.txt.txt.txt.txt.txt.txt.txt.txt.txt.txt.txt.txt: Could not start Reflex: [Errno 2] No such file or directory: 'reflex'
2025-12-12T13:45:04.526078 [create_input_document] Created input doc: /home/michael/automation/raw_data/SPHER.2015-04-23T07-29-47.926.fits.txt.txt.txt.txt.txt.txt.txt.txt.txt.txt.txt.txt.txt.txt.txt.txt.txt.txt.txt.txt.txt.txt.txt.txt.txt.txt.txt.txt.txt
2025-12-12T13:45:04.526177 [run_pipeline] Launching Reflex: reflex /home/michael/install/share/reflex/workflows/spher-0.58.1/sphere_ifs_custom1.kar -inputdoc /home/michael/automation/raw_data/SPHER.2015-04-23T07-29-47.926.fits.txt.txt.txt.txt.txt.txt.txt.txt.txt.txt.txt.txt.txt.txt.txt.txt.txt.txt.txt.txt.txt.txt.txt.txt.txt.txt.txt.txt.txt
2025-12-12T13:45:04.556753 [ERROR] /home/michael/automation/raw_data/SPHER.2015-04-23T07-29-47.926.fits.txt.txt.txt.txt.txt.txt.txt.txt.txt.txt.txt.txt.txt.txt.txt.txt.txt.txt.txt.txt.txt.txt.txt.txt.txt.txt.txt.txt: Could not start Reflex: [Errno 2] No such file or directory: 'reflex'
2025-12-12T13:45:04.579465 [create_input_document] Created input doc: /home/michael/automation/raw_data/SPHER.2015-04-23T07-29-47.926.fits.txt.txt.txt.txt.txt.txt.txt.txt.txt.txt.txt.txt.txt.txt.txt.txt.txt.txt.txt.txt.txt.txt.txt.txt.txt.txt.txt.txt.txt.txt.txt.txt.txt.txt.txt.txt
2025-12-12T13:45:04.579554 [run_pipeline] Launching Reflex: reflex /home/michael/install/share/reflex/workflows/spher-0.58.1/sphere_ifs_custom1.kar -inputdoc /home/michael/automation/raw_data/SPHER.2015-04-23T07-29-47.926.fits.txt.txt.txt.txt.txt.txt.txt.txt.txt.txt.txt.txt.txt.txt.txt.txt.txt.txt.txt.txt.txt.txt.txt.txt.txt.txt.txt.txt.txt.txt.txt.txt.txt.txt.txt.txt
2025-12-12T13:45:04.614041 [ERROR] /home/michael/automation/raw_data/SPHER.2015-04-23T07-29-47.926.fits.txt.txt.txt.txt.txt.txt.txt.txt.txt.txt.txt.txt.txt.txt.txt.txt.txt.txt.txt.txt.txt.txt.txt.txt.txt.txt.txt.txt.txt.txt.txt.txt.txt.txt.txt: Could not start Reflex: [Errno 2] No such file or directory: 'reflex'
2025-12-12T13:45:04.639063 [create_input_document] Created input doc: /home/michael/automation/raw_data/SPHER.2015-04-23T07-29-47.926.fits.txt.txt.txt.txt.txt.txt.txt.txt.txt.txt.txt.txt.txt.txt.txt.txt.txt.txt.txt.txt.txt.txt.txt.txt.txt.txt.txt.txt.txt.txt
2025-12-12T13:45:04.639167 [run_pipeline] Launching Reflex: reflex /home/michael/install/share/reflex/workflows/spher-0.58.1/sphere_ifs_custom1.kar -inputdoc /home/michael/automation/raw_data/SPHER.2015-04-23T07-29-47.926.fits.txt.txt.txt.txt.txt.txt.txt.txt.txt.txt.txt.txt.txt.txt.txt.txt.txt.txt.txt.txt.txt.txt.txt.txt.txt.txt.txt.txt.txt.txt
2025-12-12T13:45:04.674548 [ERROR] /home/michael/automation/raw_data/SPHER.2015-04-23T07-29-47.926.fits.txt.txt.txt.txt.txt.txt.txt.txt.txt.txt.txt.txt.txt.txt.txt.txt.txt.txt.txt.txt.txt.txt.txt.txt.txt.txt.txt.txt.txt: Could not start Reflex: [Errno 2] No such file or directory: 'reflex'
2025-12-12T13:45:04.703620 [create_input_document] Created input doc: /home/michael/automation/raw_data/SPHER.2015-04-23T07-29-47.926.fits.txt.txt.txt.txt.txt.txt.txt.txt.txt.txt.txt.txt.txt.txt.txt.txt.txt.txt.txt.txt.txt.txt.txt.txt.txt.txt.txt.txt.txt.txt.txt.txt.txt.txt.txt.txt.txt
2025-12-12T13:45:04.703891 [run_pipeline] Launching Reflex: reflex /home/michael/install/share/reflex/workflows/spher-0.58.1/sphere_ifs_custom1.kar -inputdoc /home/michael/automation/raw_data/SPHER.2015-04-23T07-29-47.926.fits.txt.txt.txt.txt.txt.txt.txt.txt.txt.txt.txt.txt.txt.txt.txt.txt.txt.txt.txt.txt.txt.txt.txt.txt.txt.txt.txt.txt.txt.txt.txt.txt.txt.txt.txt.txt.txt
2025-12-12T13:45:04.740280 [ERROR] /home/michael/automation/raw_data/SPHER.2015-04-23T07-29-47.926.fits.txt.txt.txt.txt.txt.txt.txt.txt.txt.txt.txt.txt.txt.txt.txt.txt.txt.txt.txt.txt.txt.txt.txt.txt.txt.txt.txt.txt.txt.txt.txt.txt.txt.txt.txt.txt: Could not start Reflex: [Errno 2] No such file or directory: 'reflex'
2025-12-12T13:45:04.765120 [create_input_document] Created input doc: /home/michael/automation/raw_data/SPHER.2015-04-23T07-29-47.926.fits.txt.txt.txt.txt.txt.txt.txt.txt.txt.txt.txt.txt.txt.txt.txt.txt.txt.txt.txt.txt.txt.txt.txt.txt.txt.txt.txt.txt.txt.txt.txt
2025-12-12T13:45:04.765231 [run_pipeline] Launching Reflex: reflex /home/michael/install/share/reflex/workflows/spher-0.58.1/sphere_ifs_custom1.kar -inputdoc /home/michael/automation/raw_data/SPHER.2015-04-23T07-29-47.926.fits.txt.txt.txt.txt.txt.txt.txt.txt.txt.txt.txt.txt.txt.txt.txt.txt.txt.txt.txt.txt.txt.txt.txt.txt.txt.txt.txt.txt.txt.txt.txt
2025-12-12T13:45:04.798718 [ERROR] /home/michael/automation/raw_data/SPHER.2015-04-23T07-29-47.926.fits.txt.txt.txt.txt.txt.txt.txt.txt.txt.txt.txt.txt.txt.txt.txt.txt.txt.txt.txt.txt.txt.txt.txt.txt.txt.txt.txt.txt.txt.txt: Could not start Reflex: [Errno 2] No such file or directory: 'reflex'
2025-12-12T13:45:04.824478 [create_input_document] Created input doc: /home/michael/automation/raw_data/SPHER.2015-04-23T07-29-47.926.fits.txt.txt.txt.txt.txt.txt.txt.txt.txt.txt.txt.txt.txt.txt.txt.txt.txt.txt.txt.txt.txt.txt.txt.txt.txt.txt.txt.txt.txt.txt.txt.txt.txt.txt.txt.txt.txt.txt
2025-12-12T13:45:04.824581 [run_pipeline] Launching Reflex: reflex /home/michael/install/share/reflex/workflows/spher-0.58.1/sphere_ifs_custom1.kar -inputdoc /home/michael/automation/raw_data/SPHER.2015-04-23T07-29-47.926.fits.txt.txt.txt.txt.txt.txt.txt.txt.txt.txt.txt.txt.txt.txt.txt.txt.txt.txt.txt.txt.txt.txt.txt.txt.txt.txt.txt.txt.txt.txt.txt.txt.txt.txt.txt.txt.txt.txt
2025-12-12T13:45:04.855116 [ERROR] /home/michael/automation/raw_data/SPHER.2015-04-23T07-29-47.926.fits.txt.txt.txt.txt.txt.txt.txt.txt.txt.txt.txt.txt.txt.txt.txt.txt.txt.txt.txt.txt.txt.txt.txt.txt.txt.txt.txt.txt.txt.txt.txt.txt.txt.txt.txt.txt.txt: Could not start Reflex: [Errno 2] No such file or directory: 'reflex'
2025-12-12T13:45:04.880735 [create_input_document] Created input doc: /home/michael/automation/raw_data/SPHER.2015-04-23T07-29-47.926.fits.txt.txt.txt.txt.txt.txt.txt.txt.txt.txt.txt.txt.txt.txt.txt.txt.txt.txt.txt.txt.txt.txt.txt.txt.txt.txt.txt.txt.txt.txt.txt.txt
2025-12-12T13:45:04.880869 [run_pipeline] Launching Reflex: reflex /home/michael/install/share/reflex/workflows/spher-0.58.1/sphere_ifs_custom1.kar -inputdoc /home/michael/automation/raw_data/SPHER.2015-04-23T07-29-47.926.fits.txt.txt.txt.txt.txt.txt.txt.txt.txt.txt.txt.txt.txt.txt.txt.txt.txt.txt.txt.txt.txt.txt.txt.txt.txt.txt.txt.txt.txt.txt.txt.txt
2025-12-12T13:45:04.913752 [ERROR] /home/michael/automation/raw_data/SPHER.2015-04-23T07-29-47.926.fits.txt.txt.txt.txt.txt.txt.txt.txt.txt.txt.txt.txt.txt.txt.txt.txt.txt.txt.txt.txt.txt.txt.txt.txt.txt.txt.txt.txt.txt.txt.txt: Could not start Reflex: [Errno 2] No such file or directory: 'reflex'
2025-12-12T13:45:04.937688 [create_input_document] Created input doc: /home/michael/automation/raw_data/SPHER.2015-04-23T07-29-47.926.fits.txt.txt.txt.txt.txt.txt.txt.txt.txt.txt.txt.txt.txt.txt.txt.txt.txt.txt.txt.txt.txt.txt.txt.txt.txt.txt.txt.txt.txt.txt.txt.txt.txt.txt.txt.txt.txt.txt.txt
2025-12-12T13:45:04.937797 [run_pipeline] Launching Reflex: reflex /home/michael/install/share/reflex/workflows/spher-0.58.1/sphere_ifs_custom1.kar -inputdoc /home/michael/automation/raw_data/SPHER.2015-04-23T07-29-47.926.fits.txt.txt.txt.txt.txt.txt.txt.txt.txt.txt.txt.txt.txt.txt.txt.txt.txt.txt.txt.txt.txt.txt.txt.txt.txt.txt.txt.txt.txt.txt.txt.txt.txt.txt.txt.txt.txt.txt.txt
2025-12-12T13:45:04.976196 [ERROR] /home/michael/automation/raw_data/SPHER.2015-04-23T07-29-47.926.fits.txt.txt.txt.txt.txt.txt.txt.txt.txt.txt.txt.txt.txt.txt.txt.txt.txt.txt.txt.txt.txt.txt.txt.txt.txt.txt.txt.txt.txt.txt.txt.txt.txt.txt.txt.txt.txt.txt: Could not start Reflex: [Errno 2] No such file or directory: 'reflex'
2025-12-12T13:45:04.999504 [create_input_document] Created input doc: /home/michael/automation/raw_data/SPHER.2015-04-23T07-29-47.926.fits.txt.txt.txt.txt.txt.txt.txt.txt.txt.txt.txt.txt.txt.txt.txt.txt.txt.txt.txt.txt.txt.txt.txt.txt.txt.txt.txt.txt.txt.txt.txt.txt.txt
2025-12-12T13:45:04.999607 [run_pipeline] Launching Reflex: reflex /home/michael/install/share/reflex/workflows/spher-0.58.1/sphere_ifs_custom1.kar -inputdoc /home/michael/automation/raw_data/SPHER.2015-04-23T07-29-47.926.fits.txt.txt.txt.txt.txt.txt.txt.txt.txt.txt.txt.txt.txt.txt.txt.txt.txt.txt.txt.txt.txt.txt.txt.txt.txt.txt.txt.txt.txt.txt.txt.txt.txt
2025-12-12T13:45:05.029988 [ERROR] /home/michael/automation/raw_data/SPHER.2015-04-23T07-29-47.926.fits.txt.txt.txt.txt.txt.txt.txt.txt.txt.txt.txt.txt.txt.txt.txt.txt.txt.txt.txt.txt.txt.txt.txt.txt.txt.txt.txt.txt.txt.txt.txt.txt: Could not start Reflex: [Errno 2] No such file or directory: 'reflex'
2025-12-12T13:45:05.055641 [create_input_document] Created input doc: /home/michael/automation/raw_data/SPHER.2015-04-23T07-29-47.926.fits.txt.txt.txt.txt.txt.txt.txt.txt.txt.txt.txt.txt.txt.txt.txt.txt.txt.txt.txt.txt.txt.txt.txt.txt.txt.txt.txt.txt.txt.txt.txt.txt.txt.txt.txt.txt.txt.txt.txt.txt
2025-12-12T13:45:05.055776 [run_pipeline] Launching Reflex: reflex /home/michael/install/share/reflex/workflows/spher-0.58.1/sphere_ifs_custom1.kar -inputdoc /home/michael/automation/raw_data/SPHER.2015-04-23T07-29-47.926.fits.txt.txt.txt.txt.txt.txt.txt.txt.txt.txt.txt.txt.txt.txt.txt.txt.txt.txt.txt.txt.txt.txt.txt.txt.txt.txt.txt.txt.txt.txt.txt.txt.txt.txt.txt.txt.txt.txt.txt.txt
2025-12-12T13:45:05.086705 [ERROR] /home/michael/automation/raw_data/SPHER.2015-04-23T07-29-47.926.fits.txt.txt.txt.txt.txt.txt.txt.txt.txt.txt.txt.txt.txt.txt.txt.txt.txt.txt.txt.txt.txt.txt.txt.txt.txt.txt.txt.txt.txt.txt.txt.txt.txt.txt.txt.txt.txt.txt.txt: Could not start Reflex: [Errno 2] No such file or directory: 'reflex'
2025-12-12T13:45:05.111494 [create_input_document] Created input doc: /home/michael/automation/raw_data/SPHER.2015-04-23T07-29-47.926.fits.txt.txt.txt.txt.txt.txt.txt.txt.txt.txt.txt.txt.txt.txt.txt.txt.txt.txt.txt.txt.txt.txt.txt.txt.txt.txt.txt.txt.txt.txt.txt.txt.txt.txt
2025-12-12T13:45:05.111631 [run_pipeline] Launching Reflex: reflex /home/michael/install/share/reflex/workflows/spher-0.58.1/sphere_ifs_custom1.kar -inputdoc /home/michael/automation/raw_data/SPHER.2015-04-23T07-29-47.926.fits.txt.txt.txt.txt.txt.txt.txt.txt.txt.txt.txt.txt.txt.txt.txt.txt.txt.txt.txt.txt.txt.txt.txt.txt.txt.txt.txt.txt.txt.txt.txt.txt.txt.txt
2025-12-12T13:45:05.146595 [ERROR] /home/michael/automation/raw_data/SPHER.2015-04-23T07-29-47.926.fits.txt.txt.txt.txt.txt.txt.txt.txt.txt.txt.txt.txt.txt.txt.txt.txt.txt.txt.txt.txt.txt.txt.txt.txt.txt.txt.txt.txt.txt.txt.txt.txt.txt: Could not start Reflex: [Errno 2] No such file or directory: 'reflex'
2025-12-12T13:45:05.171956 [create_input_document] Created input doc: /home/michael/automation/raw_data/SPHER.2015-04-23T07-29-47.926.fits.txt.txt.txt.txt.txt.txt.txt.txt.txt.txt.txt.txt.txt.txt.txt.txt.txt.txt.txt.txt.txt.txt.txt.txt.txt.txt.txt.txt.txt.txt.txt.txt.txt.txt.txt.txt.txt.txt.txt.txt.txt
2025-12-12T13:45:05.172056 [run_pipeline] Launching Reflex: reflex /home/michael/install/share/reflex/workflows/spher-0.58.1/sphere_ifs_custom1.kar -inputdoc /home/michael/automation/raw_data/SPHER.2015-04-23T07-29-47.926.fits.txt.txt.txt.txt.txt.txt.txt.txt.txt.txt.txt.txt.txt.txt.txt.txt.txt.txt.txt.txt.txt.txt.txt.txt.txt.txt.txt.txt.txt.txt.txt.txt.txt.txt.txt.txt.txt.txt.txt.txt.txt
2025-12-12T13:45:05.203861 [ERROR] /home/michael/automation/raw_data/SPHER.2015-04-23T07-29-47.926.fits.txt.txt.txt.txt.txt.txt.txt.txt.txt.txt.txt.txt.txt.txt.txt.txt.txt.txt.txt.txt.txt.txt.txt.txt.txt.txt.txt.txt.txt.txt.txt.txt.txt.txt.txt.txt.txt.txt.txt.txt: Could not start Reflex: [Errno 2] No such file or directory: 'reflex'
2025-12-12T13:45:05.229199 [create_input_document] Created input doc: /home/michael/automation/raw_data/SPHER.2015-04-23T07-29-47.926.fits.txt.txt.txt.txt.txt.txt.txt.txt.txt.txt.txt.txt.txt.txt.txt.txt.txt.txt.txt.txt.txt.txt.txt.txt.txt.txt.txt.txt.txt.txt.txt.txt.txt.txt.txt
2025-12-12T13:45:05.229334 [run_pipeline] Launching Reflex: reflex /home/michael/install/share/reflex/workflows/spher-0.58.1/sphere_ifs_custom1.kar -inputdoc /home/michael/automation/raw_data/SPHER.2015-04-23T07-29-47.926.fits.txt.txt.txt.txt.txt.txt.txt.txt.txt.txt.txt.txt.txt.txt.txt.txt.txt.txt.txt.txt.txt.txt.txt.txt.txt.txt.txt.txt.txt.txt.txt.txt.txt.txt.txt
2025-12-12T13:45:05.263417 [ERROR] /home/michael/automation/raw_data/SPHER.2015-04-23T07-29-47.926.fits.txt.txt.txt.txt.txt.txt.txt.txt.txt.txt.txt.txt.txt.txt.txt.txt.txt.txt.txt.txt.txt.txt.txt.txt.txt.txt.txt.txt.txt.txt.txt.txt.txt.txt: Could not start Reflex: [Errno 2] No such file or directory: 'reflex'
2025-12-12T13:45:05.287586 [create_input_document] Created input doc: /home/michael/automation/raw_data/SPHER.2015-04-23T07-29-47.926.fits.txt.txt.txt.txt.txt.txt.txt.txt.txt.txt.txt.txt.txt.txt.txt.txt.txt.txt.txt.txt.txt.txt.txt.txt.txt.txt.txt.txt.txt.txt.txt.txt.txt.txt.txt.txt.txt.txt.txt.txt.txt.txt
2025-12-12T13:45:05.287872 [run_pipeline] Launching Reflex: reflex /home/michael/install/share/reflex/workflows/spher-0.58.1/sphere_ifs_custom1.kar -inputdoc /home/michael/automation/raw_data/SPHER.2015-04-23T07-29-47.926.fits.txt.txt.txt.txt.txt.txt.txt.txt.txt.txt.txt.txt.txt.txt.txt.txt.txt.txt.txt.txt.txt.txt.txt.txt.txt.txt.txt.txt.txt.txt.txt.txt.txt.txt.txt.txt.txt.txt.txt.txt.txt.txt
2025-12-12T13:45:05.318728 [ERROR] /home/michael/automation/raw_data/SPHER.2015-04-23T07-29-47.926.fits.txt.txt.txt.txt.txt.txt.txt.txt.txt.txt.txt.txt.txt.txt.txt.txt.txt.txt.txt.txt.txt.txt.txt.txt.txt.txt.txt.txt.txt.txt.txt.txt.txt.txt.txt.txt.txt.txt.txt.txt.txt: Could not start Reflex: [Errno 2] No such file or directory: 'reflex'
2025-12-12T13:45:05.342172 [create_input_document] Created input doc: /home/michael/automation/raw_data/SPHER.2015-04-23T07-29-47.926.fits.txt.txt.txt.txt.txt.txt.txt.txt.txt.txt.txt.txt.txt.txt.txt.txt.txt.txt.txt.txt.txt.txt.txt.txt.txt.txt.txt.txt.txt.txt.txt.txt.txt.txt.txt.txt
2025-12-12T13:45:05.342273 [run_pipeline] Launching Reflex: reflex /home/michael/install/share/reflex/workflows/spher-0.58.1/sphere_ifs_custom1.kar -inputdoc /home/michael/automation/raw_data/SPHER.2015-04-23T07-29-47.926.fits.txt.txt.txt.txt.txt.txt.txt.txt.txt.txt.txt.txt.txt.txt.txt.txt.txt.txt.txt.txt.txt.txt.txt.txt.txt.txt.txt.txt.txt.txt.txt.txt.txt.txt.txt.txt
2025-12-12T13:45:05.378418 [ERROR] /home/michael/automation/raw_data/SPHER.2015-04-23T07-29-47.926.fits.txt.txt.txt.txt.txt.txt.txt.txt.txt.txt.txt.txt.txt.txt.txt.txt.txt.txt.txt.txt.txt.txt.txt.txt.txt.txt.txt.txt.txt.txt.txt.txt.txt.txt.txt: Could not start Reflex: [Errno 2] No such file or directory: 'reflex'
2025-12-12T13:45:05.403207 [create_input_document] Created input doc: /home/michael/automation/raw_data/SPHER.2015-04-23T07-29-47.926.fits.txt.txt.txt.txt.txt.txt.txt.txt.txt.txt.txt.txt.txt.txt.txt.txt.txt.txt.txt.txt.txt.txt.txt.txt.txt.txt.txt.txt.txt.txt.txt.txt.txt.txt.txt.txt.txt.txt.txt.txt.txt.txt.txt
2025-12-12T13:45:05.403371 [run_pipeline] Launching Reflex: reflex /home/michael/install/share/reflex/workflows/spher-0.58.1/sphere_ifs_custom1.kar -inputdoc /home/michael/automation/raw_data/SPHER.2015-04-23T07-29-47.926.fits.txt.txt.txt.txt.txt.txt.txt.txt.txt.txt.txt.txt.txt.txt.txt.txt.txt.txt.txt.txt.txt.txt.txt.txt.txt.txt.txt.txt.txt.txt.txt.txt.txt.txt.txt.txt.txt.txt.txt.txt.txt.txt.txt
2025-12-12T13:45:05.434979 [ERROR] /home/michael/automation/raw_data/SPHER.2015-04-23T07-29-47.926.fits.txt.txt.txt.txt.txt.txt.txt.txt.txt.txt.txt.txt.txt.txt.txt.txt.txt.txt.txt.txt.txt.txt.txt.txt.txt.txt.txt.txt.txt.txt.txt.txt.txt.txt.txt.txt.txt.txt.txt.txt.txt.txt: Could not start Reflex: [Errno 2] No such file or directory: 'reflex'
2025-12-12T13:45:05.457753 [create_input_document] Created input doc: /home/michael/automation/raw_data/SPHER.2015-04-23T07-29-47.926.fits.txt.txt.txt.txt.txt.txt.txt.txt.txt.txt.txt.txt.txt.txt.txt.txt.txt.txt.txt.txt.txt.txt.txt.txt.txt.txt.txt.txt.txt.txt.txt.txt.txt.txt.txt.txt.txt
2025-12-12T13:45:05.457859 [run_pipeline] Launching Reflex: reflex /home/michael/install/share/reflex/workflows/spher-0.58.1/sphere_ifs_custom1.kar -inputdoc /home/michael/automation/raw_data/SPHER.2015-04-23T07-29-47.926.fits.txt.txt.txt.txt.txt.txt.txt.txt.txt.txt.txt.txt.txt.txt.txt.txt.txt.txt.txt.txt.txt.txt.txt.txt.txt.txt.txt.txt.txt.txt.txt.txt.txt.txt.txt.txt.txt
2025-12-12T13:45:05.488895 [ERROR] /home/michael/automation/raw_data/SPHER.2015-04-23T07-29-47.926.fits.txt.txt.txt.txt.txt.txt.txt.txt.txt.txt.txt.txt.txt.txt.txt.txt.txt.txt.txt.txt.txt.txt.txt.txt.txt.txt.txt.txt.txt.txt.txt.txt.txt.txt.txt.txt: Could not start Reflex: [Errno 2] No such file or directory: 'reflex'
2025-12-12T13:45:05.511337 [create_input_document] Created input doc: /home/michael/automation/raw_data/SPHER.2015-04-23T07-29-47.926.fits.txt.txt.txt.txt.txt.txt.txt.txt.txt.txt.txt.txt.txt.txt.txt.txt.txt.txt.txt.txt.txt.txt.txt.txt.txt.txt.txt.txt.txt.txt.txt.txt.txt.txt.txt.txt.txt.txt.txt.txt.txt.txt.txt.txt
2025-12-12T13:45:05.511428 [run_pipeline] Launching Reflex: reflex /home/michael/install/share/reflex/workflows/spher-0.58.1/sphere_ifs_custom1.kar -inputdoc /home/michael/automation/raw_data/SPHER.2015-04-23T07-29-47.926.fits.txt.txt.txt.txt.txt.txt.txt.txt.txt.txt.txt.txt.txt.txt.txt.txt.txt.txt.txt.txt.txt.txt.txt.txt.txt.txt.txt.txt.txt.txt.txt.txt.txt.txt.txt.txt.txt.txt.txt.txt.txt.txt.txt.txt
2025-12-12T13:45:05.543743 [ERROR] /home/michael/automation/raw_data/SPHER.2015-04-23T07-29-47.926.fits.txt.txt.txt.txt.txt.txt.txt.txt.txt.txt.txt.txt.txt.txt.txt.txt.txt.txt.txt.txt.txt.txt.txt.txt.txt.txt.txt.txt.txt.txt.txt.txt.txt.txt.txt.txt.txt.txt.txt.txt.txt.txt.txt: Could not start Reflex: [Errno 2] No such file or directory: 'reflex'
2025-12-12T13:45:05.566558 [create_input_document] Created input doc: /home/michael/automation/raw_data/SPHER.2015-04-23T07-29-47.926.fits.txt.txt.txt.txt.txt.txt.txt.txt.txt.txt.txt.txt.txt.txt.txt.txt.txt.txt.txt.txt.txt.txt.txt.txt.txt.txt.txt.txt.txt.txt.txt.txt.txt.txt.txt.txt.txt.txt
2025-12-12T13:45:05.566657 [run_pipeline] Launching Reflex: reflex /home/michael/install/share/reflex/workflows/spher-0.58.1/sphere_ifs_custom1.kar -inputdoc /home/michael/automation/raw_data/SPHER.2015-04-23T07-29-47.926.fits.txt.txt.txt.txt.txt.txt.txt.txt.txt.txt.txt.txt.txt.txt.txt.txt.txt.txt.txt.txt.txt.txt.txt.txt.txt.txt.txt.txt.txt.txt.txt.txt.txt.txt.txt.txt.txt.txt
2025-12-12T13:45:05.595980 [ERROR] /home/michael/automation/raw_data/SPHER.2015-04-23T07-29-47.926.fits.txt.txt.txt.txt.txt.txt.txt.txt.txt.txt.txt.txt.txt.txt.txt.txt.txt.txt.txt.txt.txt.txt.txt.txt.txt.txt.txt.txt.txt.txt.txt.txt.txt.txt.txt.txt.txt: Could not start Reflex: [Errno 2] No such file or directory: 'reflex'
2025-12-12T13:45:05.620037 [create_input_document] Created input doc: /home/michael/automation/raw_data/SPHER.2015-04-23T07-29-47.926.fits.txt.txt.txt.txt.txt.txt.txt.txt.txt.txt.txt.txt.txt.txt.txt.txt.txt.txt.txt.txt.txt.txt.txt.txt.txt.txt.txt.txt.txt.txt.txt.txt.txt.txt.txt.txt.txt.txt.txt.txt.txt.txt.txt.txt.txt
2025-12-12T13:45:05.620140 [run_pipeline] Launching Reflex: reflex /home/michael/install/share/reflex/workflows/spher-0.58.1/sphere_ifs_custom1.kar -inputdoc /home/michael/automation/raw_data/SPHER.2015-04-23T07-29-47.926.fits.txt.txt.txt.txt.txt.txt.txt.txt.txt.txt.txt.txt.txt.txt.txt.txt.txt.txt.txt.txt.txt.txt.txt.txt.txt.txt.txt.txt.txt.txt.txt.txt.txt.txt.txt.txt.txt.txt.txt.txt.txt.txt.txt.txt.txt
2025-12-12T13:45:05.656724 [ERROR] /home/michael/automation/raw_data/SPHER.2015-04-23T07-29-47.926.fits.txt.txt.txt.txt.txt.txt.txt.txt.txt.txt.txt.txt.txt.txt.txt.txt.txt.txt.txt.txt.txt.txt.txt.txt.txt.txt.txt.txt.txt.txt.txt.txt.txt.txt.txt.txt.txt.txt.txt.txt.txt.txt.txt.txt: Could not start Reflex: [Errno 2] No such file or directory: 'reflex'
2025-12-12T13:45:05.680730 [create_input_document] Created input doc: /home/michael/automation/raw_data/SPHER.2015-04-23T07-29-47.926.fits.txt.txt.txt.txt.txt.txt.txt.txt.txt.txt.txt.txt.txt.txt.txt.txt.txt.txt.txt.txt.txt.txt.txt.txt.txt.txt.txt.txt.txt.txt.txt.txt.txt.txt.txt.txt.txt.txt.txt
2025-12-12T13:45:05.680845 [run_pipeline] Launching Reflex: reflex /home/michael/install/share/reflex/workflows/spher-0.58.1/sphere_ifs_custom1.kar -inputdoc /home/michael/automation/raw_data/SPHER.2015-04-23T07-29-47.926.fits.txt.txt.txt.txt.txt.txt.txt.txt.txt.txt.txt.txt.txt.txt.txt.txt.txt.txt.txt.txt.txt.txt.txt.txt.txt.txt.txt.txt.txt.txt.txt.txt.txt.txt.txt.txt.txt.txt.txt
2025-12-12T13:45:05.718008 [ERROR] /home/michael/automation/raw_data/SPHER.2015-04-23T07-29-47.926.fits.txt.txt.txt.txt.txt.txt.txt.txt.txt.txt.txt.txt.txt.txt.txt.txt.txt.txt.txt.txt.txt.txt.txt.txt.txt.txt.txt.txt.txt.txt.txt.txt.txt.txt.txt.txt.txt.txt: Could not start Reflex: [Errno 2] No such file or directory: 'reflex'
2025-12-12T13:45:05.743652 [create_input_document] Created input doc: /home/michael/automation/raw_data/SPHER.2015-04-23T07-29-47.926.fits.txt.txt.txt.txt.txt.txt.txt.txt.txt.txt.txt.txt.txt.txt.txt.txt.txt.txt.txt.txt.txt.txt.txt.txt.txt.txt.txt.txt.txt.txt.txt.txt.txt.txt.txt.txt.txt.txt.txt.txt.txt.txt.txt.txt.txt.txt
2025-12-12T13:45:05.743768 [run_pipeline] Launching Reflex: reflex /home/michael/install/share/reflex/workflows/spher-0.58.1/sphere_ifs_custom1.kar -inputdoc /home/michael/automation/raw_data/SPHER.2015-04-23T07-29-47.926.fits.txt.txt.txt.txt.txt.txt.txt.txt.txt.txt.txt.txt.txt.txt.txt.txt.txt.txt.txt.txt.txt.txt.txt.txt.txt.txt.txt.txt.txt.txt.txt.txt.txt.txt.txt.txt.txt.txt.txt.txt.txt.txt.txt.txt.txt.txt
2025-12-12T13:45:05.777308 [ERROR] /home/michael/automation/raw_data/SPHER.2015-04-23T07-29-47.926.fits.txt.txt.txt.txt.txt.txt.txt.txt.txt.txt.txt.txt.txt.txt.txt.txt.txt.txt.txt.txt.txt.txt.txt.txt.txt.txt.txt.txt.txt.txt.txt.txt.txt.txt.txt.txt.txt.txt.txt.txt.txt.txt.txt.txt.txt: Could not start Reflex: [Errno 2] No such file or directory: 'reflex'
2025-12-12T13:45:05.800597 [create_input_document] Created input doc: /home/michael/automation/raw_data/SPHER.2015-04-23T07-29-47.926.fits.txt.txt.txt.txt.txt.txt.txt.txt.txt.txt.txt.txt.txt.txt.txt.txt.txt.txt.txt.txt.txt.txt.txt.txt.txt.txt.txt.txt.txt.txt.txt.txt.txt.txt.txt.txt.txt.txt.txt.txt
2025-12-12T13:45:05.800701 [run_pipeline] Launching Reflex: reflex /home/michael/install/share/reflex/workflows/spher-0.58.1/sphere_ifs_custom1.kar -inputdoc /home/michael/automation/raw_data/SPHER.2015-04-23T07-29-47.926.fits.txt.txt.txt.txt.txt.txt.txt.txt.txt.txt.txt.txt.txt.txt.txt.txt.txt.txt.txt.txt.txt.txt.txt.txt.txt.txt.txt.txt.txt.txt.txt.txt.txt.txt.txt.txt.txt.txt.txt.txt
2025-12-12T13:45:05.831744 [ERROR] /home/michael/automation/raw_data/SPHER.2015-04-23T07-29-47.926.fits.txt.txt.txt.txt.txt.txt.txt.txt.txt.txt.txt.txt.txt.txt.txt.txt.txt.txt.txt.txt.txt.txt.txt.txt.txt.txt.txt.txt.txt.txt.txt.txt.txt.txt.txt.txt.txt.txt.txt: Could not start Reflex: [Errno 2] No such file or directory: 'reflex'
2025-12-12T13:45:05.856298 [create_input_document] Created input doc: /home/michael/automation/raw_data/SPHER.2015-04-23T07-29-47.926.fits.txt.txt.txt.txt.txt.txt.txt.txt.txt.txt.txt.txt.txt.txt.txt.txt.txt.txt.txt.txt.txt.txt.txt.txt.txt.txt.txt.txt.txt.txt.txt.txt.txt.txt.txt.txt.txt.txt.txt.txt.txt.txt.txt.txt.txt.txt.txt
2025-12-12T13:45:05.856504 [run_pipeline] Launching Reflex: reflex /home/michael/install/share/reflex/workflows/spher-0.58.1/sphere_ifs_custom1.kar -inputdoc /home/michael/automation/raw_data/SPHER.2015-04-23T07-29-47.926.fits.txt.txt.txt.txt.txt.txt.txt.txt.txt.txt.txt.txt.txt.txt.txt.txt.txt.txt.txt.txt.txt.txt.txt.txt.txt.txt.txt.txt.txt.txt.txt.txt.txt.txt.txt.txt.txt.txt.txt.txt.txt.txt.txt.txt.txt.txt.txt
2025-12-12T13:45:05.889455 [ERROR] /home/michael/automation/raw_data/SPHER.2015-04-23T07-29-47.926.fits.txt.txt.txt.txt.txt.txt.txt.txt.txt.txt.txt.txt.txt.txt.txt.txt.txt.txt.txt.txt.txt.txt.txt.txt.txt.txt.txt.txt.txt.txt.txt.txt.txt.txt.txt.txt.txt.txt.txt.txt.txt.txt.txt.txt.txt.txt: Could not start Reflex: [Errno 2] No such file or directory: 'reflex'
2025-12-12T13:45:05.912366 [create_input_document] Created input doc: /home/michael/automation/raw_data/SPHER.2015-04-23T07-29-47.926.fits.txt.txt.txt.txt.txt.txt.txt.txt.txt.txt.txt.txt.txt.txt.txt.txt.txt.txt.txt.txt.txt.txt.txt.txt.txt.txt.txt.txt.txt.txt.txt.txt.txt.txt.txt.txt.txt.txt.txt.txt.txt
2025-12-12T13:45:05.912466 [run_pipeline] Launching Reflex: reflex /home/michael/install/share/reflex/workflows/spher-0.58.1/sphere_ifs_custom1.kar -inputdoc /home/michael/automation/raw_data/SPHER.2015-04-23T07-29-47.926.fits.txt.txt.txt.txt.txt.txt.txt.txt.txt.txt.txt.txt.txt.txt.txt.txt.txt.txt.txt.txt.txt.txt.txt.txt.txt.txt.txt.txt.txt.txt.txt.txt.txt.txt.txt.txt.txt.txt.txt.txt.txt
2025-12-12T13:45:05.946824 [ERROR] /home/michael/automation/raw_data/SPHER.2015-04-23T07-29-47.926.fits.txt.txt.txt.txt.txt.txt.txt.txt.txt.txt.txt.txt.txt.txt.txt.txt.txt.txt.txt.txt.txt.txt.txt.txt.txt.txt.txt.txt.txt.txt.txt.txt.txt.txt.txt.txt.txt.txt.txt.txt: Could not start Reflex: [Errno 2] No such file or directory: 'reflex'
2025-12-12T13:45:05.972797 [create_input_document] Created input doc: /home/michael/automation/raw_data/SPHER.2015-04-23T07-29-47.926.fits.txt.txt.txt.txt.txt.txt.txt.txt.txt.txt.txt.txt.txt.txt.txt.txt.txt.txt.txt.txt.txt.txt.txt.txt.txt.txt.txt.txt.txt.txt.txt.txt.txt.txt.txt.txt.txt.txt.txt.txt.txt.txt.txt.txt.txt.txt.txt.txt
2025-12-12T13:45:05.972896 [run_pipeline] Launching Reflex: reflex /home/michael/install/share/reflex/workflows/spher-0.58.1/sphere_ifs_custom1.kar -inputdoc /home/michael/automation/raw_data/SPHER.2015-04-23T07-29-47.926.fits.txt.txt.txt.txt.txt.txt.txt.txt.txt.txt.txt.txt.txt.txt.txt.txt.txt.txt.txt.txt.txt.txt.txt.txt.txt.txt.txt.txt.txt.txt.txt.txt.txt.txt.txt.txt.txt.txt.txt.txt.txt.txt.txt.txt.txt.txt.txt.txt
2025-12-12T13:45:06.005136 [ERROR] /home/michael/automation/raw_data/SPHER.2015-04-23T07-29-47.926.fits.txt.txt.txt.txt.txt.txt.txt.txt.txt.txt.txt.txt.txt.txt.txt.txt.txt.txt.txt.txt.txt.txt.txt.txt.txt.txt.txt.txt.txt.txt.txt.txt.txt.txt.txt.txt.txt.txt.txt.txt.txt.txt.txt.txt.txt.txt.txt: Could not start Reflex: [Errno 2] No such file or directory: 'reflex'
2025-12-12T13:45:06.028087 [create_input_document] Created input doc: /home/michael/automation/raw_data/SPHER.2015-04-23T07-29-47.926.fits.txt.txt.txt.txt.txt.txt.txt.txt.txt.txt.txt.txt.txt.txt.txt.txt.txt.txt.txt.txt.txt.txt.txt.txt.txt.txt.txt.txt.txt.txt.txt.txt.txt.txt.txt.txt.txt.txt.txt.txt.txt.txt
2025-12-12T13:45:06.028189 [run_pipeline] Launching Reflex: reflex /home/michael/install/share/reflex/workflows/spher-0.58.1/sphere_ifs_custom1.kar -inputdoc /home/michael/automation/raw_data/SPHER.2015-04-23T07-29-47.926.fits.txt.txt.txt.txt.txt.txt.txt.txt.txt.txt.txt.txt.txt.txt.txt.txt.txt.txt.txt.txt.txt.txt.txt.txt.txt.txt.txt.txt.txt.txt.txt.txt.txt.txt.txt.txt.txt.txt.txt.txt.txt.txt
2025-12-12T13:45:06.062604 [ERROR] /home/michael/automation/raw_data/SPHER.2015-04-23T07-29-47.926.fits.txt.txt.txt.txt.txt.txt.txt.txt.txt.txt.txt.txt.txt.txt.txt.txt.txt.txt.txt.txt.txt.txt.txt.txt.txt.txt.txt.txt.txt.txt.txt.txt.txt.txt.txt.txt.txt.txt.txt.txt.txt: Could not start Reflex: [Errno 2] No such file or directory: 'reflex'
2025-12-12T13:45:06.087276 [create_input_document] Created input doc: /home/michael/automation/raw_data/SPHER.2015-04-23T07-29-47.926.fits.txt.txt.txt.txt.txt.txt.txt.txt.txt.txt.txt.txt.txt.txt.txt.txt.txt.txt.txt.txt.txt.txt.txt.txt.txt.txt.txt.txt.txt.txt.txt.txt.txt.txt.txt.txt.txt.txt.txt.txt.txt.txt.txt.txt.txt.txt.txt.txt.txt
2025-12-12T13:45:06.087443 [run_pipeline] Launching Reflex: reflex /home/michael/install/share/reflex/workflows/spher-0.58.1/sphere_ifs_custom1.kar -inputdoc /home/michael/automation/raw_data/SPHER.2015-04-23T07-29-47.926.fits.txt.txt.txt.txt.txt.txt.txt.txt.txt.txt.txt.txt.txt.txt.txt.txt.txt.txt.txt.txt.txt.txt.txt.txt.txt.txt.txt.txt.txt.txt.txt.txt.txt.txt.txt.txt.txt.txt.txt.txt.txt.txt.txt.txt.txt.txt.txt.txt.txt
2025-12-12T13:45:06.117873 [ERROR] /home/michael/automation/raw_data/SPHER.2015-04-23T07-29-47.926.fits.txt.txt.txt.txt.txt.txt.txt.txt.txt.txt.txt.txt.txt.txt.txt.txt.txt.txt.txt.txt.txt.txt.txt.txt.txt.txt.txt.txt.txt.txt.txt.txt.txt.txt.txt.txt.txt.txt.txt.txt.txt.txt.txt.txt.txt.txt.txt.txt: Could not start Reflex: [Errno 2] No such file or directory: 'reflex'
2025-12-12T13:45:06.146027 [create_input_document] Created input doc: /home/michael/automation/raw_data/SPHER.2015-04-23T07-29-47.926.fits.txt.txt.txt.txt.txt.txt.txt.txt.txt.txt.txt.txt.txt.txt.txt.txt.txt.txt.txt.txt.txt.txt.txt.txt.txt.txt.txt.txt.txt.txt.txt.txt.txt.txt.txt.txt.txt.txt.txt.txt.txt.txt.txt
2025-12-12T13:45:06.146133 [run_pipeline] Launching Reflex: reflex /home/michael/install/share/reflex/workflows/spher-0.58.1/sphere_ifs_custom1.kar -inputdoc /home/michael/automation/raw_data/SPHER.2015-04-23T07-29-47.926.fits.txt.txt.txt.txt.txt.txt.txt.txt.txt.txt.txt.txt.txt.txt.txt.txt.txt.txt.txt.txt.txt.txt.txt.txt.txt.txt.txt.txt.txt.txt.txt.txt.txt.txt.txt.txt.txt.txt.txt.txt.txt.txt.txt
2025-12-12T13:45:06.179450 [ERROR] /home/michael/automation/raw_data/SPHER.2015-04-23T07-29-47.926.fits.txt.txt.txt.txt.txt.txt.txt.txt.txt.txt.txt.txt.txt.txt.txt.txt.txt.txt.txt.txt.txt.txt.txt.txt.txt.txt.txt.txt.txt.txt.txt.txt.txt.txt.txt.txt.txt.txt.txt.txt.txt.txt: Could not start Reflex: [Errno 2] No such file or directory: 'reflex'
2025-12-12T13:45:06.202143 [create_input_document] Created input doc: /home/michael/automation/raw_data/SPHER.2015-04-23T07-29-47.926.fits.txt.txt.txt.txt.txt.txt.txt.txt.txt.txt.txt.txt.txt.txt.txt.txt.txt.txt.txt.txt.txt.txt.txt.txt.txt.txt.txt.txt.txt.txt.txt.txt.txt.txt.txt.txt.txt.txt.txt.txt.txt.txt.txt.txt.txt.txt.txt.txt.txt.txt
2025-12-12T13:45:06.202292 [run_pipeline] Launching Reflex: reflex /home/michael/install/share/reflex/workflows/spher-0.58.1/sphere_ifs_custom1.kar -inputdoc /home/michael/automation/raw_data/SPHER.2015-04-23T07-29-47.926.fits.txt.txt.txt.txt.txt.txt.txt.txt.txt.txt.txt.txt.txt.txt.txt.txt.txt.txt.txt.txt.txt.txt.txt.txt.txt.txt.txt.txt.txt.txt.txt.txt.txt.txt.txt.txt.txt.txt.txt.txt.txt.txt.txt.txt.txt.txt.txt.txt.txt.txt
2025-12-12T13:45:06.240037 [ERROR] /home/michael/automation/raw_data/SPHER.2015-04-23T07-29-47.926.fits.txt.txt.txt.txt.txt.txt.txt.txt.txt.txt.txt.txt.txt.txt.txt.txt.txt.txt.txt.txt.txt.txt.txt.txt.txt.txt.txt.txt.txt.txt.txt.txt.txt.txt.txt.txt.txt.txt.txt.txt.txt.txt.txt.txt.txt.txt.txt.txt.txt: Could not start Reflex: [Errno 2] No such file or directory: 'reflex'
2025-12-12T13:45:06.263179 [create_input_document] Created input doc: /home/michael/automation/raw_data/SPHER.2015-04-23T07-29-47.926.fits.txt.txt.txt.txt.txt.txt.txt.txt.txt.txt.txt.txt.txt.txt.txt.txt.txt.txt.txt.txt.txt.txt.txt.txt.txt.txt.txt.txt.txt.txt.txt.txt.txt.txt.txt.txt.txt.txt.txt.txt.txt.txt.txt.txt
2025-12-12T13:45:06.263283 [run_pipeline] Launching Reflex: reflex /home/michael/install/share/reflex/workflows/spher-0.58.1/sphere_ifs_custom1.kar -inputdoc /home/michael/automation/raw_data/SPHER.2015-04-23T07-29-47.926.fits.txt.txt.txt.txt.txt.txt.txt.txt.txt.txt.txt.txt.txt.txt.txt.txt.txt.txt.txt.txt.txt.txt.txt.txt.txt.txt.txt.txt.txt.txt.txt.txt.txt.txt.txt.txt.txt.txt.txt.txt.txt.txt.txt.txt
2025-12-12T13:45:06.294849 [ERROR] /home/michael/automation/raw_data/SPHER.2015-04-23T07-29-47.926.fits.txt.txt.txt.txt.txt.txt.txt.txt.txt.txt.txt.txt.txt.txt.txt.txt.txt.txt.txt.txt.txt.txt.txt.txt.txt.txt.txt.txt.txt.txt.txt.txt.txt.txt.txt.txt.txt.txt.txt.txt.txt.txt.txt: Could not start Reflex: [Errno 2] No such file or directory: 'reflex'
2025-12-12T13:45:06.319689 [create_input_document] Created input doc: /home/michael/automation/raw_data/SPHER.2015-04-23T07-29-47.926.fits.txt.txt.txt.txt.txt.txt.txt.txt.txt.txt.txt.txt.txt.txt.txt.txt.txt.txt.txt.txt.txt.txt.txt.txt.txt.txt.txt.txt.txt.txt.txt.txt.txt.txt.txt.txt.txt.txt.txt.txt.txt.txt.txt.txt.txt.txt.txt.txt.txt.txt.txt
2025-12-12T13:45:06.319930 [run_pipeline] Launching Reflex: reflex /home/michael/install/share/reflex/workflows/spher-0.58.1/sphere_ifs_custom1.kar -inputdoc /home/michael/automation/raw_data/SPHER.2015-04-23T07-29-47.926.fits.txt.txt.txt.txt.txt.txt.txt.txt.txt.txt.txt.txt.txt.txt.txt.txt.txt.txt.txt.txt.txt.txt.txt.txt.txt.txt.txt.txt.txt.txt.txt.txt.txt.txt.txt.txt.txt.txt.txt.txt.txt.txt.txt.txt.txt.txt.txt.txt.txt.txt.txt
2025-12-12T13:45:06.353650 [ERROR] /home/michael/automation/raw_data/SPHER.2015-04-23T07-29-47.926.fits.txt.txt.txt.txt.txt.txt.txt.txt.txt.txt.txt.txt.txt.txt.txt.txt.txt.txt.txt.txt.txt.txt.txt.txt.txt.txt.txt.txt.txt.txt.txt.txt.txt.txt.txt.txt.txt.txt.txt.txt.txt.txt.txt.txt.txt.txt.txt.txt.txt.txt: Could not start Reflex: [Errno 2] No such file or directory: 'reflex'
2025-12-12T13:45:06.377342 [create_input_document] Created input doc: /home/michael/automation/raw_data/SPHER.2015-04-23T07-29-47.926.fits.txt.txt.txt.txt.txt.txt.txt.txt.txt.txt.txt.txt.txt.txt.txt.txt.txt.txt.txt.txt.txt.txt.txt.txt.txt.txt.txt.txt.txt.txt.txt.txt.txt.txt.txt.txt.txt.txt.txt.txt.txt.txt.txt.txt.txt
2025-12-12T13:45:06.377453 [run_pipeline] Launching Reflex: reflex /home/michael/install/share/reflex/workflows/spher-0.58.1/sphere_ifs_custom1.kar -inputdoc /home/michael/automation/raw_data/SPHER.2015-04-23T07-29-47.926.fits.txt.txt.txt.txt.txt.txt.txt.txt.txt.txt.txt.txt.txt.txt.txt.txt.txt.txt.txt.txt.txt.txt.txt.txt.txt.txt.txt.txt.txt.txt.txt.txt.txt.txt.txt.txt.txt.txt.txt.txt.txt.txt.txt.txt.txt
2025-12-12T13:45:06.407130 [ERROR] /home/michael/automation/raw_data/SPHER.2015-04-23T07-29-47.926.fits.txt.txt.txt.txt.txt.txt.txt.txt.txt.txt.txt.txt.txt.txt.txt.txt.txt.txt.txt.txt.txt.txt.txt.txt.txt.txt.txt.txt.txt.txt.txt.txt.txt.txt.txt.txt.txt.txt.txt.txt.txt.txt.txt.txt: Could not start Reflex: [Errno 2] No such file or directory: 'reflex'
2025-12-12T13:45:06.430777 [create_input_document] Created input doc: /home/michael/automation/raw_data/SPHER.2015-04-23T07-29-47.926.fits.txt.txt.txt.txt.txt.txt.txt.txt.txt.txt.txt.txt.txt.txt.txt.txt.txt.txt.txt.txt.txt.txt.txt.txt.txt.txt.txt.txt.txt.txt.txt.txt.txt.txt.txt.txt.txt.txt.txt.txt.txt.txt.txt.txt.txt.txt.txt.txt.txt.txt.txt.txt
2025-12-12T13:45:06.430876 [run_pipeline] Launching Reflex: reflex /home/michael/install/share/reflex/workflows/spher-0.58.1/sphere_ifs_custom1.kar -inputdoc /home/michael/automation/raw_data/SPHER.2015-04-23T07-29-47.926.fits.txt.txt.txt.txt.txt.txt.txt.txt.txt.txt.txt.txt.txt.txt.txt.txt.txt.txt.txt.txt.txt.txt.txt.txt.txt.txt.txt.txt.txt.txt.txt.txt.txt.txt.txt.txt.txt.txt.txt.txt.txt.txt.txt.txt.txt.txt.txt.txt.txt.txt.txt.txt
2025-12-12T13:45:06.462603 [ERROR] /home/michael/automation/raw_data/SPHER.2015-04-23T07-29-47.926.fits.txt.txt.txt.txt.txt.txt.txt.txt.txt.txt.txt.txt.txt.txt.txt.txt.txt.txt.txt.txt.txt.txt.txt.txt.txt.txt.txt.txt.txt.txt.txt.txt.txt.txt.txt.txt.txt.txt.txt.txt.txt.txt.txt.txt.txt.txt.txt.txt.txt.txt.txt: Could not start Reflex: [Errno 2] No such file or directory: 'reflex'
2025-12-12T13:45:06.487525 [create_input_document] Created input doc: /home/michael/automation/raw_data/SPHER.2015-04-23T07-29-47.926.fits.txt.txt.txt.txt.txt.txt.txt.txt.txt.txt.txt.txt.txt.txt.txt.txt.txt.txt.txt.txt.txt.txt.txt.txt.txt.txt.txt.txt.txt.txt.txt.txt.txt.txt.txt.txt.txt.txt.txt.txt.txt.txt.txt.txt.txt.txt
2025-12-12T13:45:06.487881 [run_pipeline] Launching Reflex: reflex /home/michael/install/share/reflex/workflows/spher-0.58.1/sphere_ifs_custom1.kar -inputdoc /home/michael/automation/raw_data/SPHER.2015-04-23T07-29-47.926.fits.txt.txt.txt.txt.txt.txt.txt.txt.txt.txt.txt.txt.txt.txt.txt.txt.txt.txt.txt.txt.txt.txt.txt.txt.txt.txt.txt.txt.txt.txt.txt.txt.txt.txt.txt.txt.txt.txt.txt.txt.txt.txt.txt.txt.txt.txt
2025-12-12T13:45:06.517449 [ERROR] /home/michael/automation/raw_data/SPHER.2015-04-23T07-29-47.926.fits.txt.txt.txt.txt.txt.txt.txt.txt.txt.txt.txt.txt.txt.txt.txt.txt.txt.txt.txt.txt.txt.txt.txt.txt.txt.txt.txt.txt.txt.txt.txt.txt.txt.txt.txt.txt.txt.txt.txt.txt.txt.txt.txt.txt.txt: Could not start Reflex: [Errno 2] No such file or directory: 'reflex'
2025-12-12T13:45:06.542171 [create_input_document] Created input doc: /home/michael/automation/raw_data/SPHER.2015-04-23T07-29-47.926.fits.txt.txt.txt.txt.txt.txt.txt.txt.txt.txt.txt.txt.txt.txt.txt.txt.txt.txt.txt.txt.txt.txt.txt.txt.txt.txt.txt.txt.txt.txt.txt.txt.txt.txt.txt.txt.txt.txt.txt.txt.txt.txt.txt.txt.txt.txt.txt.txt.txt.txt.txt.txt.txt
2025-12-12T13:45:06.542269 [run_pipeline] Launching Reflex: reflex /home/michael/install/share/reflex/workflows/spher-0.58.1/sphere_ifs_custom1.kar -inputdoc /home/michael/automation/raw_data/SPHER.2015-04-23T07-29-47.926.fits.txt.txt.txt.txt.txt.txt.txt.txt.txt.txt.txt.txt.txt.txt.txt.txt.txt.txt.txt.txt.txt.txt.txt.txt.txt.txt.txt.txt.txt.txt.txt.txt.txt.txt.txt.txt.txt.txt.txt.txt.txt.txt.txt.txt.txt.txt.txt.txt.txt.txt.txt.txt.txt
2025-12-12T13:45:06.572360 [ERROR] /home/michael/automation/raw_data/SPHER.2015-04-23T07-29-47.926.fits.txt.txt.txt.txt.txt.txt.txt.txt.txt.txt.txt.txt.txt.txt.txt.txt.txt.txt.txt.txt.txt.txt.txt.txt.txt.txt.txt.txt.txt.txt.txt.txt.txt.txt.txt.txt.txt.txt.txt.txt.txt.txt.txt.txt.txt.txt.txt.txt.txt.txt.txt.txt: Could not start Reflex: [Errno 2] No such file or directory: 'reflex'
2025-12-12T13:45:06.595405 [create_input_document] Created input doc: /home/michael/automation/raw_data/SPHER.2015-04-23T07-29-47.926.fits.txt.txt.txt.txt.txt.txt.txt.txt.txt.txt.txt.txt.txt.txt.txt.txt.txt.txt.txt.txt.txt.txt.txt.txt.txt.txt.txt.txt.txt.txt.txt.txt.txt.txt.txt.txt.txt.txt.txt.txt.txt.txt.txt.txt.txt.txt.txt
2025-12-12T13:45:06.595510 [run_pipeline] Launching Reflex: reflex /home/michael/install/share/reflex/workflows/spher-0.58.1/sphere_ifs_custom1.kar -inputdoc /home/michael/automation/raw_data/SPHER.2015-04-23T07-29-47.926.fits.txt.txt.txt.txt.txt.txt.txt.txt.txt.txt.txt.txt.txt.txt.txt.txt.txt.txt.txt.txt.txt.txt.txt.txt.txt.txt.txt.txt.txt.txt.txt.txt.txt.txt.txt.txt.txt.txt.txt.txt.txt.txt.txt.txt.txt.txt.txt
2025-12-12T13:45:06.629695 [ERROR] /home/michael/automation/raw_data/SPHER.2015-04-23T07-29-47.926.fits.txt.txt.txt.txt.txt.txt.txt.txt.txt.txt.txt.txt.txt.txt.txt.txt.txt.txt.txt.txt.txt.txt.txt.txt.txt.txt.txt.txt.txt.txt.txt.txt.txt.txt.txt.txt.txt.txt.txt.txt.txt.txt.txt.txt.txt.txt: Could not start Reflex: [Errno 2] No such file or directory: 'reflex'
2025-12-12T13:45:06.655408 [create_input_document] Created input doc: /home/michael/automation/raw_data/SPHER.2015-04-23T07-29-47.926.fits.txt.txt.txt.txt.txt.txt.txt.txt.txt.txt.txt.txt.txt.txt.txt.txt.txt.txt.txt.txt.txt.txt.txt.txt.txt.txt.txt.txt.txt.txt.txt.txt.txt.txt.txt.txt.txt.txt.txt.txt.txt.txt.txt.txt.txt.txt.txt.txt.txt.txt.txt.txt.txt.txt
2025-12-12T13:45:06.655527 [run_pipeline] Launching Reflex: reflex /home/michael/install/share/reflex/workflows/spher-0.58.1/sphere_ifs_custom1.kar -inputdoc /home/michael/automation/raw_data/SPHER.2015-04-23T07-29-47.926.fits.txt.txt.txt.txt.txt.txt.txt.txt.txt.txt.txt.txt.txt.txt.txt.txt.txt.txt.txt.txt.txt.txt.txt.txt.txt.txt.txt.txt.txt.txt.txt.txt.txt.txt.txt.txt.txt.txt.txt.txt.txt.txt.txt.txt.txt.txt.txt.txt.txt.txt.txt.txt.txt.txt
2025-12-12T13:45:06.688374 [ERROR] /home/michael/automation/raw_data/SPHER.2015-04-23T07-29-47.926.fits.txt.txt.txt.txt.txt.txt.txt.txt.txt.txt.txt.txt.txt.txt.txt.txt.txt.txt.txt.txt.txt.txt.txt.txt.txt.txt.txt.txt.txt.txt.txt.txt.txt.txt.txt.txt.txt.txt.txt.txt.txt.txt.txt.txt.txt.txt.txt.txt.txt.txt.txt.txt.txt: Could not start Reflex: [Errno 2] No such file or directory: 'reflex'
2025-12-12T13:45:06.711071 [create_input_document] Created input doc: /home/michael/automation/raw_data/SPHER.2015-04-23T07-29-47.926.fits.txt.txt.txt.txt.txt.txt.txt.txt.txt.txt.txt.txt.txt.txt.txt.txt.txt.txt.txt.txt.txt.txt.txt.txt.txt.txt.txt.txt.txt.txt.txt.txt.txt.txt.txt.txt.txt.txt.txt.txt.txt.txt.txt.txt.txt.txt.txt.txt
2025-12-12T13:45:06.711179 [run_pipeline] Launching Reflex: reflex /home/michael/install/share/reflex/workflows/spher-0.58.1/sphere_ifs_custom1.kar -inputdoc /home/michael/automation/raw_data/SPHER.2015-04-23T07-29-47.926.fits.txt.txt.txt.txt.txt.txt.txt.txt.txt.txt.txt.txt.txt.txt.txt.txt.txt.txt.txt.txt.txt.txt.txt.txt.txt.txt.txt.txt.txt.txt.txt.txt.txt.txt.txt.txt.txt.txt.txt.txt.txt.txt.txt.txt.txt.txt.txt.txt
2025-12-12T13:45:06.750174 [ERROR] /home/michael/automation/raw_data/SPHER.2015-04-23T07-29-47.926.fits.txt.txt.txt.txt.txt.txt.txt.txt.txt.txt.txt.txt.txt.txt.txt.txt.txt.txt.txt.txt.txt.txt.txt.txt.txt.txt.txt.txt.txt.txt.txt.txt.txt.txt.txt.txt.txt.txt.txt.txt.txt.txt.txt.txt.txt.txt.txt: Could not start Reflex: [Errno 2] No such file or directory: 'reflex'
2025-12-12T13:45:06.776856 [create_input_document] Created input doc: /home/michael/automation/raw_data/SPHER.2015-04-23T07-29-47.926.fits.txt.txt.txt.txt.txt.txt.txt.txt.txt.txt.txt.txt.txt.txt.txt.txt.txt.txt.txt.txt.txt.txt.txt.txt.txt.txt.txt.txt.txt.txt.txt.txt.txt.txt.txt.txt.txt.txt.txt.txt.txt.txt.txt.txt.txt.txt.txt.txt.txt.txt.txt.txt.txt.txt.txt
2025-12-12T13:45:06.776950 [run_pipeline] Launching Reflex: reflex /home/michael/install/share/reflex/workflows/spher-0.58.1/sphere_ifs_custom1.kar -inputdoc /home/michael/automation/raw_data/SPHER.2015-04-23T07-29-47.926.fits.txt.txt.txt.txt.txt.txt.txt.txt.txt.txt.txt.txt.txt.txt.txt.txt.txt.txt.txt.txt.txt.txt.txt.txt.txt.txt.txt.txt.txt.txt.txt.txt.txt.txt.txt.txt.txt.txt.txt.txt.txt.txt.txt.txt.txt.txt.txt.txt.txt.txt.txt.txt.txt.txt.txt
2025-12-12T13:45:06.810983 [ERROR] /home/michael/automation/raw_data/SPHER.2015-04-23T07-29-47.926.fits.txt.txt.txt.txt.txt.txt.txt.txt.txt.txt.txt.txt.txt.txt.txt.txt.txt.txt.txt.txt.txt.txt.txt.txt.txt.txt.txt.txt.txt.txt.txt.txt.txt.txt.txt.txt.txt.txt.txt.txt.txt.txt.txt.txt.txt.txt.txt.txt.txt.txt.txt.txt.txt.txt: Could not start Reflex: [Errno 2] No such file or directory: 'reflex'
2025-12-12T13:45:06.833336 [create_input_document] Created input doc: /home/michael/automation/raw_data/SPHER.2015-04-23T07-29-47.926.fits.txt.txt.txt.txt.txt.txt.txt.txt.txt.txt.txt.txt.txt.txt.txt.txt.txt.txt.txt.txt.txt.txt.txt.txt.txt.txt.txt.txt.txt.txt.txt.txt.txt.txt.txt.txt.txt.txt.txt.txt.txt.txt.txt.txt.txt.txt.txt.txt.txt
2025-12-12T13:45:06.833440 [run_pipeline] Launching Reflex: reflex /home/michael/install/share/reflex/workflows/spher-0.58.1/sphere_ifs_custom1.kar -inputdoc /home/michael/automation/raw_data/SPHER.2015-04-23T07-29-47.926.fits.txt.txt.txt.txt.txt.txt.txt.txt.txt.txt.txt.txt.txt.txt.txt.txt.txt.txt.txt.txt.txt.txt.txt.txt.txt.txt.txt.txt.txt.txt.txt.txt.txt.txt.txt.txt.txt.txt.txt.txt.txt.txt.txt.txt.txt.txt.txt.txt.txt
2025-12-12T13:45:06.862704 [ERROR] /home/michael/automation/raw_data/SPHER.2015-04-23T07-29-47.926.fits.txt.txt.txt.txt.txt.txt.txt.txt.txt.txt.txt.txt.txt.txt.txt.txt.txt.txt.txt.txt.txt.txt.txt.txt.txt.txt.txt.txt.txt.txt.txt.txt.txt.txt.txt.txt.txt.txt.txt.txt.txt.txt.txt.txt.txt.txt.txt.txt: Could not start Reflex: [Errno 2] No such file or directory: 'reflex'
2025-12-12T13:45:06.917741 [create_input_document] Created input doc: /home/michael/automation/raw_data/SPHER.2015-04-23T07-29-47.926.fits.txt.txt.txt.txt.txt.txt.txt.txt.txt.txt.txt.txt.txt.txt.txt.txt.txt.txt.txt.txt.txt.txt.txt.txt.txt.txt.txt.txt.txt.txt.txt.txt.txt.txt.txt.txt.txt.txt.txt.txt.txt.txt.txt.txt.txt.txt.txt.txt.txt.txt
2025-12-12T13:45:06.917891 [run_pipeline] Launching Reflex: reflex /home/michael/install/share/reflex/workflows/spher-0.58.1/sphere_ifs_custom1.kar -inputdoc /home/michael/automation/raw_data/SPHER.2015-04-23T07-29-47.926.fits.txt.txt.txt.txt.txt.txt.txt.txt.txt.txt.txt.txt.txt.txt.txt.txt.txt.txt.txt.txt.txt.txt.txt.txt.txt.txt.txt.txt.txt.txt.txt.txt.txt.txt.txt.txt.txt.txt.txt.txt.txt.txt.txt.txt.txt.txt.txt.txt.txt.txt
2025-12-12T13:45:06.956567 [ERROR] /home/michael/automation/raw_data/SPHER.2015-04-23T07-29-47.926.fits.txt.txt.txt.txt.txt.txt.txt.txt.txt.txt.txt.txt.txt.txt.txt.txt.txt.txt.txt.txt.txt.txt.txt.txt.txt.txt.txt.txt.txt.txt.txt.txt.txt.txt.txt.txt.txt.txt.txt.txt.txt.txt.txt.txt.txt.txt.txt.txt.txt: Could not start Reflex: [Errno 2] No such file or directory: 'reflex'
2025-12-12T13:45:06.979790 [create_input_document] Created input doc: /home/michael/automation/raw_data/SPHER.2015-04-23T07-29-47.926.fits.txt.txt.txt.txt.txt.txt.txt.txt.txt.txt.txt.txt.txt.txt.txt.txt.txt.txt.txt.txt.txt.txt.txt.txt.txt.txt.txt.txt.txt.txt.txt.txt.txt.txt.txt.txt.txt.txt.txt.txt.txt.txt.txt.txt.txt.txt.txt.txt.txt.txt.txt
2025-12-12T13:45:06.979897 [run_pipeline] Launching Reflex: reflex /home/michael/install/share/reflex/workflows/spher-0.58.1/sphere_ifs_custom1.kar -inputdoc /home/michael/automation/raw_data/SPHER.2015-04-23T07-29-47.926.fits.txt.txt.txt.txt.txt.txt.txt.txt.txt.txt.txt.txt.txt.txt.txt.txt.txt.txt.txt.txt.txt.txt.txt.txt.txt.txt.txt.txt.txt.txt.txt.txt.txt.txt.txt.txt.txt.txt.txt.txt.txt.txt.txt.txt.txt.txt.txt.txt.txt.txt.txt
2025-12-12T13:45:07.010874 [ERROR] /home/michael/automation/raw_data/SPHER.2015-04-23T07-29-47.926.fits.txt.txt.txt.txt.txt.txt.txt.txt.txt.txt.txt.txt.txt.txt.txt.txt.txt.txt.txt.txt.txt.txt.txt.txt.txt.txt.txt.txt.txt.txt.txt.txt.txt.txt.txt.txt.txt.txt.txt.txt.txt.txt.txt.txt.txt.txt.txt.txt.txt.txt: Could not start Reflex: [Errno 2] No such file or directory: 'reflex'
2025-12-12T13:45:07.033261 [create_input_document] Created input doc: /home/michael/automation/raw_data/SPHER.2015-04-23T07-29-47.926.fits.txt.txt.txt.txt.txt.txt.txt.txt.txt.txt.txt.txt.txt.txt.txt.txt.txt.txt.txt.txt.txt.txt.txt.txt.txt.txt.txt.txt.txt.txt.txt.txt.txt.txt.txt.txt.txt.txt.txt.txt.txt.txt.txt.txt.txt.txt.txt.txt.txt.txt.txt.txt
2025-12-12T13:45:07.033582 [run_pipeline] Launching Reflex: reflex /home/michael/install/share/reflex/workflows/spher-0.58.1/sphere_ifs_custom1.kar -inputdoc /home/michael/automation/raw_data/SPHER.2015-04-23T07-29-47.926.fits.txt.txt.txt.txt.txt.txt.txt.txt.txt.txt.txt.txt.txt.txt.txt.txt.txt.txt.txt.txt.txt.txt.txt.txt.txt.txt.txt.txt.txt.txt.txt.txt.txt.txt.txt.txt.txt.txt.txt.txt.txt.txt.txt.txt.txt.txt.txt.txt.txt.txt.txt.txt
2025-12-12T13:45:07.069308 [ERROR] /home/michael/automation/raw_data/SPHER.2015-04-23T07-29-47.926.fits.txt.txt.txt.txt.txt.txt.txt.txt.txt.txt.txt.txt.txt.txt.txt.txt.txt.txt.txt.txt.txt.txt.txt.txt.txt.txt.txt.txt.txt.txt.txt.txt.txt.txt.txt.txt.txt.txt.txt.txt.txt.txt.txt.txt.txt.txt.txt.txt.txt.txt.txt: Could not start Reflex: [Errno 2] No such file or directory: 'reflex'
2025-12-12T13:45:07.093445 [create_input_document] Created input doc: /home/michael/automation/raw_data/SPHER.2015-04-23T07-29-47.926.fits.txt.txt.txt.txt.txt.txt.txt.txt.txt.txt.txt.txt.txt.txt.txt.txt.txt.txt.txt.txt.txt.txt.txt.txt.txt.txt.txt.txt.txt.txt.txt.txt.txt.txt.txt.txt.txt.txt.txt.txt.txt.txt.txt.txt.txt.txt.txt.txt.txt.txt.txt.txt.txt
2025-12-12T13:45:07.093551 [run_pipeline] Launching Reflex: reflex /home/michael/install/share/reflex/workflows/spher-0.58.1/sphere_ifs_custom1.kar -inputdoc /home/michael/automation/raw_data/SPHER.2015-04-23T07-29-47.926.fits.txt.txt.txt.txt.txt.txt.txt.txt.txt.txt.txt.txt.txt.txt.txt.txt.txt.txt.txt.txt.txt.txt.txt.txt.txt.txt.txt.txt.txt.txt.txt.txt.txt.txt.txt.txt.txt.txt.txt.txt.txt.txt.txt.txt.txt.txt.txt.txt.txt.txt.txt.txt.txt
2025-12-12T13:45:07.127169 [ERROR] /home/michael/automation/raw_data/SPHER.2015-04-23T07-29-47.926.fits.txt.txt.txt.txt.txt.txt.txt.txt.txt.txt.txt.txt.txt.txt.txt.txt.txt.txt.txt.txt.txt.txt.txt.txt.txt.txt.txt.txt.txt.txt.txt.txt.txt.txt.txt.txt.txt.txt.txt.txt.txt.txt.txt.txt.txt.txt.txt.txt.txt.txt.txt.txt: Could not start Reflex: [Errno 2] No such file or directory: 'reflex'
2025-12-12T13:45:07.150209 [create_input_document] Created input doc: /home/michael/automation/raw_data/SPHER.2015-04-23T07-29-47.926.fits.txt.txt.txt.txt.txt.txt.txt.txt.txt.txt.txt.txt.txt.txt.txt.txt.txt.txt.txt.txt.txt.txt.txt.txt.txt.txt.txt.txt.txt.txt.txt.txt.txt.txt.txt.txt.txt.txt.txt.txt.txt.txt.txt.txt.txt.txt.txt.txt.txt.txt.txt.txt.txt.txt
2025-12-12T13:45:07.150331 [run_pipeline] Launching Reflex: reflex /home/michael/install/share/reflex/workflows/spher-0.58.1/sphere_ifs_custom1.kar -inputdoc /home/michael/automation/raw_data/SPHER.2015-04-23T07-29-47.926.fits.txt.txt.txt.txt.txt.txt.txt.txt.txt.txt.txt.txt.txt.txt.txt.txt.txt.txt.txt.txt.txt.txt.txt.txt.txt.txt.txt.txt.txt.txt.txt.txt.txt.txt.txt.txt.txt.txt.txt.txt.txt.txt.txt.txt.txt.txt.txt.txt.txt.txt.txt.txt.txt.txt
2025-12-12T13:45:07.182480 [ERROR] /home/michael/automation/raw_data/SPHER.2015-04-23T07-29-47.926.fits.txt.txt.txt.txt.txt.txt.txt.txt.txt.txt.txt.txt.txt.txt.txt.txt.txt.txt.txt.txt.txt.txt.txt.txt.txt.txt.txt.txt.txt.txt.txt.txt.txt.txt.txt.txt.txt.txt.txt.txt.txt.txt.txt.txt.txt.txt.txt.txt.txt.txt.txt.txt.txt: Could not start Reflex: [Errno 2] No such file or directory: 'reflex'
2025-12-12T13:45:07.206168 [create_input_document] Created input doc: /home/michael/automation/raw_data/SPHER.2015-04-23T07-29-47.926.fits.txt.txt.txt.txt.txt.txt.txt.txt.txt.txt.txt.txt.txt.txt.txt.txt.txt.txt.txt.txt.txt.txt.txt.txt.txt.txt.txt.txt.txt.txt.txt.txt.txt.txt.txt.txt.txt.txt.txt.txt.txt.txt.txt.txt.txt.txt.txt.txt.txt.txt.txt.txt.txt.txt.txt
2025-12-12T13:45:07.206265 [run_pipeline] Launching Reflex: reflex /home/michael/install/share/reflex/workflows/spher-0.58.1/sphere_ifs_custom1.kar -inputdoc /home/michael/automation/raw_data/SPHER.2015-04-23T07-29-47.926.fits.txt.txt.txt.txt.txt.txt.txt.txt.txt.txt.txt.txt.txt.txt.txt.txt.txt.txt.txt.txt.txt.txt.txt.txt.txt.txt.txt.txt.txt.txt.txt.txt.txt.txt.txt.txt.txt.txt.txt.txt.txt.txt.txt.txt.txt.txt.txt.txt.txt.txt.txt.txt.txt.txt.txt
2025-12-12T13:45:07.244021 [ERROR] /home/michael/automation/raw_data/SPHER.2015-04-23T07-29-47.926.fits.txt.txt.txt.txt.txt.txt.txt.txt.txt.txt.txt.txt.txt.txt.txt.txt.txt.txt.txt.txt.txt.txt.txt.txt.txt.txt.txt.txt.txt.txt.txt.txt.txt.txt.txt.txt.txt.txt.txt.txt.txt.txt.txt.txt.txt.txt.txt.txt.txt.txt.txt.txt.txt.txt: Could not start Reflex: [Errno 2] No such file or directory: 'reflex'
